2021-06-21 19:48:41,892 INFO o.s.b.StartupInfoLogger [main] Starting JobMgtSvcApp using Java 1.8.0_265 on WEIN00146M.local with PID 25524 (/Users/vkoneri/eclipse-workspace/JobManagementSvc/target/classes started by vkoneri in /Users/vkoneri/eclipse-workspace/JobManagementSvc)
2021-06-21 19:48:41,897 INFO o.s.b.SpringApplication [main] No active profile set, falling back to default profiles: default
2021-06-21 19:48:42,296 INFO o.s.d.r.c.RepositoryConfigurationDelegate [main] Bootstrapping Spring Data JPA repositories in DEFAULT mode.
2021-06-21 19:48:42,308 INFO o.s.d.r.c.RepositoryConfigurationDelegate [main] Finished Spring Data repository scanning in 5 ms. Found 0 JPA repository interfaces.
2021-06-21 19:48:42,672 INFO o.s.b.w.e.t.TomcatWebServer [main] Tomcat initialized with port(s): 9091 (http)
2021-06-21 19:48:42,678 INFO o.a.j.l.DirectJDKLog [main] Initializing ProtocolHandler ["http-nio-9091"]
2021-06-21 19:48:42,679 INFO o.a.j.l.DirectJDKLog [main] Starting service [Tomcat]
2021-06-21 19:48:42,679 INFO o.a.j.l.DirectJDKLog [main] Starting Servlet engine: [Apache Tomcat/9.0.46]
2021-06-21 19:48:42,727 INFO o.a.j.l.DirectJDKLog [main] Initializing Spring embedded WebApplicationContext
2021-06-21 19:48:42,728 INFO o.s.b.w.s.c.ServletWebServerApplicationContext [main] Root WebApplicationContext: initialization completed in 800 ms
2021-06-21 19:48:42,755 INFO c.z.h.HikariDataSource [main] HikariPool-1 - Starting...
2021-06-21 19:48:42,827 INFO c.z.h.HikariDataSource [main] HikariPool-1 - Start completed.
2021-06-21 19:48:42,832 INFO o.s.b.a.h.H2ConsoleAutoConfiguration [main] H2 console available at '/h2-console'. Database available at 'jdbc:h2:mem:jobsdb'
2021-06-21 19:48:42,964 INFO o.h.j.i.u.LogHelper [main] HHH000204: Processing PersistenceUnitInfo [name: default]
2021-06-21 19:48:42,996 INFO o.h.Version [main] HHH000412: Hibernate ORM core version 5.4.31.Final
2021-06-21 19:48:43,086 INFO o.h.a.c.r.j.JavaReflectionManager [main] HCANN000001: Hibernate Commons Annotations {5.1.2.Final}
2021-06-21 19:48:43,159 INFO o.h.d.Dialect [main] HHH000400: Using dialect: org.hibernate.dialect.H2Dialect
2021-06-21 19:48:43,290 INFO o.h.e.t.j.p.i.JtaPlatformInitiator [main] HHH000490: Using JtaPlatform implementation: [org.hibernate.engine.transaction.jta.platform.internal.NoJtaPlatform]
2021-06-21 19:48:43,298 INFO o.s.o.j.AbstractEntityManagerFactoryBean [main] Initialized JPA EntityManagerFactory for persistence unit 'default'
2021-06-21 19:48:43,349 WARN o.s.b.a.o.j.JpaBaseConfiguration$JpaWebConfiguration [main] spring.jpa.open-in-view is enabled by default. Therefore, database queries may be performed during view rendering. Explicitly configure spring.jpa.open-in-view to disable this warning
2021-06-21 19:48:43,630 INFO o.a.j.l.DirectJDKLog [main] Starting ProtocolHandler ["http-nio-9091"]
2021-06-21 19:48:43,651 INFO o.s.b.w.e.t.TomcatWebServer [main] Tomcat started on port(s): 9091 (http) with context path ''
2021-06-21 19:48:43,660 INFO c.p.a.s.JobScheduler [scheduling-1] No jobs to run in the queue
2021-06-21 19:48:43,661 INFO o.s.b.StartupInfoLogger [main] Started JobMgtSvcApp in 2.057 seconds (JVM running for 2.501)
2021-06-21 19:48:43,663 INFO o.s.b.a.ApplicationAvailabilityBean [main] Application availability state LivenessState changed to CORRECT
2021-06-21 19:48:48,663 INFO c.p.a.s.JobScheduler [scheduling-1] No jobs to run in the queue
2021-06-21 19:48:53,541 INFO c.p.a.s.DataServicer [main] Job added to the Queue with job id : 179b8584cda8c62bcc85fb32c9fa67c4
2021-06-21 19:48:53,542 INFO c.p.a.s.DataServicer [main] Job added to the Queue with job id : 38647bfe4ba9ebbfa6f46a2fb601ee1f
2021-06-21 19:48:53,543 INFO c.p.a.s.DataServicer [main] Job added to the Queue with job id : 5c233132fa8f9c30a400db271ef223c6
2021-06-21 19:48:53,664 INFO c.p.a.s.DataServicer [scheduling-1] Job updated in Queue with job id : 5c233132fa8f9c30a400db271ef223c6
2021-06-21 19:48:53,665 INFO c.p.a.s.DataServicer [scheduling-1] Job updated in Queue with job id : 5c233132fa8f9c30a400db271ef223c6 to RUNNING
2021-06-21 19:48:54,845 INFO c.p.a.e.PythonEngine [scheduling-1] Output for Job Id 5c233132fa8f9c30a400db271ef223c6 : 400

2021-06-21 19:48:54,846 INFO c.p.a.s.DataServicer [scheduling-1] Job updated in Queue with job id : 5c233132fa8f9c30a400db271ef223c6 to SUCCESS
2021-06-21 19:48:58,663 INFO c.p.a.s.DataServicer [scheduling-1] Job updated in Queue with job id : 38647bfe4ba9ebbfa6f46a2fb601ee1f
2021-06-21 19:48:58,664 INFO c.p.a.s.DataServicer [scheduling-1] Job updated in Queue with job id : 38647bfe4ba9ebbfa6f46a2fb601ee1f to RUNNING
2021-06-21 19:48:58,863 INFO c.p.a.e.JavascriptEngine [scheduling-1] Output for Job Id 38647bfe4ba9ebbfa6f46a2fb601ee1f : Hello Payoneer Gang

2021-06-21 19:48:58,864 INFO c.p.a.s.DataServicer [scheduling-1] Job updated in Queue with job id : 38647bfe4ba9ebbfa6f46a2fb601ee1f to SUCCESS
2021-06-21 19:49:03,663 INFO c.p.a.s.DataServicer [scheduling-1] Job updated in Queue with job id : 179b8584cda8c62bcc85fb32c9fa67c4
2021-06-21 19:49:03,664 INFO c.p.a.s.DataServicer [scheduling-1] Job added to the Later Queue with job id : 179b8584cda8c62bcc85fb32c9fa67c4
2021-06-21 19:49:03,666 INFO c.p.a.s.DataServicer [scheduling-1] Job updated in Queue with job id : 179b8584cda8c62bcc85fb32c9fa67c4 to RUNNING
2021-06-21 19:49:04,105 INFO c.p.a.e.PythonEngine [scheduling-1] Output for Job Id 179b8584cda8c62bcc85fb32c9fa67c4 : 400

2021-06-21 19:49:04,105 INFO c.p.a.s.DataServicer [scheduling-1] Job updated in Queue with job id : 179b8584cda8c62bcc85fb32c9fa67c4 to SUCCESS
2021-06-21 19:49:04,106 INFO c.p.a.s.DataServicer [scheduling-1] Job removed from later Queue with job id : 179b8584cda8c62bcc85fb32c9fa67c4
2021-06-21 19:49:08,663 INFO c.p.a.s.JobScheduler [scheduling-1] No jobs to run in the queue
2021-06-21 19:49:13,663 INFO c.p.a.s.JobScheduler [scheduling-1] No jobs to run in the queue
2021-06-21 19:49:18,663 INFO c.p.a.s.JobScheduler [scheduling-1] No jobs to run in the queue
2021-06-21 19:49:23,662 INFO c.p.a.s.JobScheduler [scheduling-1] No jobs to run in the queue
2021-06-21 19:49:28,662 INFO c.p.a.s.JobScheduler [scheduling-1] No jobs to run in the queue
2021-06-21 19:49:33,660 INFO c.p.a.s.JobScheduler [scheduling-1] No jobs to run in the queue
2021-06-21 19:49:38,660 INFO c.p.a.s.JobScheduler [scheduling-1] No jobs to run in the queue
2021-06-21 19:49:43,660 INFO c.p.a.s.JobScheduler [scheduling-1] No jobs to run in the queue
2021-06-21 19:49:48,660 INFO c.p.a.s.JobScheduler [scheduling-1] No jobs to run in the queue
2021-06-21 19:49:53,665 INFO c.p.a.s.JobScheduler [scheduling-1] No jobs to run in the queue
2021-06-21 19:49:58,664 INFO c.p.a.s.JobScheduler [scheduling-1] No jobs to run in the queue
2021-06-21 19:50:03,660 INFO c.p.a.s.JobScheduler [scheduling-1] No jobs to run in the queue
2021-06-21 19:50:08,662 INFO c.p.a.s.JobScheduler [scheduling-1] No jobs to run in the queue
2021-06-21 19:50:13,665 INFO c.p.a.s.JobScheduler [scheduling-1] No jobs to run in the queue
2021-06-21 19:50:18,663 INFO c.p.a.s.JobScheduler [scheduling-1] No jobs to run in the queue
2021-06-21 19:50:23,660 INFO c.p.a.s.JobScheduler [scheduling-1] No jobs to run in the queue
2021-06-21 19:50:28,660 INFO c.p.a.s.JobScheduler [scheduling-1] No jobs to run in the queue
2021-06-21 19:50:33,660 INFO c.p.a.s.JobScheduler [scheduling-1] No jobs to run in the queue
2021-06-21 19:50:38,663 INFO c.p.a.s.JobScheduler [scheduling-1] No jobs to run in the queue
2021-06-21 19:50:43,662 INFO c.p.a.s.JobScheduler [scheduling-1] No jobs to run in the queue
2021-06-21 19:50:48,662 INFO c.p.a.s.JobScheduler [scheduling-1] No jobs to run in the queue
2021-06-21 19:50:53,660 INFO c.p.a.s.JobScheduler [scheduling-1] No jobs to run in the queue
2021-06-21 19:50:58,665 INFO c.p.a.s.JobScheduler [scheduling-1] No jobs to run in the queue
2021-06-21 19:51:03,667 INFO c.p.a.s.JobScheduler [scheduling-1] No jobs to run in the queue
2021-06-21 19:51:08,667 INFO c.p.a.s.JobScheduler [scheduling-1] No jobs to run in the queue
2021-06-21 19:51:13,670 INFO c.p.a.s.JobScheduler [scheduling-1] No jobs to run in the queue
2021-06-21 19:51:18,674 INFO c.p.a.s.JobScheduler [scheduling-1] No jobs to run in the queue
2021-06-21 19:51:23,674 INFO c.p.a.s.JobScheduler [scheduling-1] No jobs to run in the queue
2021-06-21 19:51:28,674 INFO c.p.a.s.JobScheduler [scheduling-1] No jobs to run in the queue
2021-06-21 19:51:33,671 INFO c.p.a.s.JobScheduler [scheduling-1] No jobs to run in the queue
2021-06-21 19:51:38,674 INFO c.p.a.s.JobScheduler [scheduling-1] No jobs to run in the queue
2021-06-21 19:51:43,678 INFO c.p.a.s.JobScheduler [scheduling-1] No jobs to run in the queue
2021-06-21 19:51:48,676 INFO c.p.a.s.JobScheduler [scheduling-1] No jobs to run in the queue
2021-06-21 19:51:53,674 INFO c.p.a.s.JobScheduler [scheduling-1] No jobs to run in the queue
2021-06-21 19:51:58,676 INFO c.p.a.s.JobScheduler [scheduling-1] No jobs to run in the queue
2021-06-21 19:52:03,675 INFO c.p.a.s.JobScheduler [scheduling-1] No jobs to run in the queue
2021-06-21 19:52:08,673 INFO c.p.a.s.JobScheduler [scheduling-1] No jobs to run in the queue
2021-06-21 19:52:13,674 INFO c.p.a.s.JobScheduler [scheduling-1] No jobs to run in the queue
2021-06-21 19:52:18,673 INFO c.p.a.s.JobScheduler [scheduling-1] No jobs to run in the queue
2021-06-21 19:52:23,673 INFO c.p.a.s.JobScheduler [scheduling-1] No jobs to run in the queue
2021-06-21 19:52:28,675 INFO c.p.a.s.JobScheduler [scheduling-1] No jobs to run in the queue
2021-06-21 19:52:33,674 INFO c.p.a.s.JobScheduler [scheduling-1] No jobs to run in the queue
2021-06-21 19:52:38,673 INFO c.p.a.s.JobScheduler [scheduling-1] No jobs to run in the queue
2021-06-21 19:52:43,677 INFO c.p.a.s.JobScheduler [scheduling-1] No jobs to run in the queue
2021-06-21 19:52:48,676 INFO c.p.a.s.JobScheduler [scheduling-1] No jobs to run in the queue
2021-06-21 19:52:53,676 INFO c.p.a.s.JobScheduler [scheduling-1] No jobs to run in the queue
2021-06-21 19:52:58,675 INFO c.p.a.s.JobScheduler [scheduling-1] No jobs to run in the queue
2021-06-21 19:53:03,678 INFO c.p.a.s.JobScheduler [scheduling-1] No jobs to run in the queue
2021-06-21 19:53:08,674 INFO c.p.a.s.JobScheduler [scheduling-1] No jobs to run in the queue
2021-06-21 19:53:13,674 INFO c.p.a.s.JobScheduler [scheduling-1] No jobs to run in the queue
2021-06-21 19:53:18,675 INFO c.p.a.s.JobScheduler [scheduling-1] No jobs to run in the queue
2021-06-21 19:53:23,675 INFO c.p.a.s.JobScheduler [scheduling-1] No jobs to run in the queue
2021-06-21 19:53:28,676 INFO c.p.a.s.JobScheduler [scheduling-1] No jobs to run in the queue
2021-06-21 19:53:33,675 INFO c.p.a.s.JobScheduler [scheduling-1] No jobs to run in the queue
2021-06-21 19:53:38,673 INFO c.p.a.s.JobScheduler [scheduling-1] No jobs to run in the queue
2021-06-21 19:53:43,674 INFO c.p.a.s.JobScheduler [scheduling-1] No jobs to run in the queue
2021-06-21 19:53:48,678 INFO c.p.a.s.JobScheduler [scheduling-1] No jobs to run in the queue
2021-06-21 19:53:53,673 INFO c.p.a.s.JobScheduler [scheduling-1] No jobs to run in the queue
2021-06-21 19:53:58,676 INFO c.p.a.s.JobScheduler [scheduling-1] No jobs to run in the queue
2021-06-21 19:54:03,676 INFO c.p.a.s.JobScheduler [scheduling-1] No jobs to run in the queue
2021-06-21 19:54:08,674 INFO c.p.a.s.JobScheduler [scheduling-1] No jobs to run in the queue
2021-06-21 19:54:13,675 INFO c.p.a.s.JobScheduler [scheduling-1] No jobs to run in the queue
2021-06-21 19:54:17,538 INFO c.p.a.s.DataServicer [main] Job added to the Queue with job id : fd0321890128a8aa59542c0f0c5af5bb
2021-06-21 19:54:18,675 INFO c.p.a.s.DataServicer [scheduling-1] Job updated in Queue with job id : fd0321890128a8aa59542c0f0c5af5bb
2021-06-21 19:54:18,676 INFO c.p.a.s.DataServicer [scheduling-1] Job updated in Queue with job id : fd0321890128a8aa59542c0f0c5af5bb to RUNNING
2021-06-21 19:54:18,693 INFO c.p.a.e.JavascriptEngine [scheduling-1] Output for Job Id fd0321890128a8aa59542c0f0c5af5bb : 1100

2021-06-21 19:54:18,693 INFO c.p.a.s.DataServicer [scheduling-1] Job updated in Queue with job id : fd0321890128a8aa59542c0f0c5af5bb to SUCCESS
2021-06-21 19:54:23,676 INFO c.p.a.s.JobScheduler [scheduling-1] No jobs to run in the queue
2021-06-21 19:54:28,676 INFO c.p.a.s.JobScheduler [scheduling-1] No jobs to run in the queue
2021-06-21 19:54:33,329 INFO o.s.b.a.ApplicationAvailabilityBean [SpringContextShutdownHook] Application availability state ReadinessState changed to REFUSING_TRAFFIC
