2021-06-21 19:36:22,145 INFO o.s.b.StartupInfoLogger [main] Starting JobMgtSvcApp using Java 1.8.0_265 on WEIN00146M.local with PID 25204 (/Users/vkoneri/eclipse-workspace/JobManagementSvc/target/classes started by vkoneri in /Users/vkoneri/eclipse-workspace/JobManagementSvc)
2021-06-21 19:36:22,152 INFO o.s.b.SpringApplication [main] No active profile set, falling back to default profiles: default
2021-06-21 19:36:22,844 INFO o.s.d.r.c.RepositoryConfigurationDelegate [main] Bootstrapping Spring Data JPA repositories in DEFAULT mode.
2021-06-21 19:36:22,860 INFO o.s.d.r.c.RepositoryConfigurationDelegate [main] Finished Spring Data repository scanning in 6 ms. Found 0 JPA repository interfaces.
2021-06-21 19:36:23,386 INFO o.s.b.w.e.t.TomcatWebServer [main] Tomcat initialized with port(s): 9091 (http)
2021-06-21 19:36:23,395 INFO o.a.j.l.DirectJDKLog [main] Initializing ProtocolHandler ["http-nio-9091"]
2021-06-21 19:36:23,395 INFO o.a.j.l.DirectJDKLog [main] Starting service [Tomcat]
2021-06-21 19:36:23,395 INFO o.a.j.l.DirectJDKLog [main] Starting Servlet engine: [Apache Tomcat/9.0.46]
2021-06-21 19:36:23,466 INFO o.a.j.l.DirectJDKLog [main] Initializing Spring embedded WebApplicationContext
2021-06-21 19:36:23,467 INFO o.s.b.w.s.c.ServletWebServerApplicationContext [main] Root WebApplicationContext: initialization completed in 1274 ms
2021-06-21 19:36:23,499 INFO c.z.h.HikariDataSource [main] HikariPool-1 - Starting...
2021-06-21 19:36:23,691 INFO c.z.h.HikariDataSource [main] HikariPool-1 - Start completed.
2021-06-21 19:36:23,700 INFO o.s.b.a.h.H2ConsoleAutoConfiguration [main] H2 console available at '/h2-console'. Database available at 'jdbc:h2:mem:jobsdb'
2021-06-21 19:36:23,862 INFO o.h.j.i.u.LogHelper [main] HHH000204: Processing PersistenceUnitInfo [name: default]
2021-06-21 19:36:23,931 INFO o.h.Version [main] HHH000412: Hibernate ORM core version 5.4.31.Final
2021-06-21 19:36:24,089 INFO o.h.a.c.r.j.JavaReflectionManager [main] HCANN000001: Hibernate Commons Annotations {5.1.2.Final}
2021-06-21 19:36:24,206 INFO o.h.d.Dialect [main] HHH000400: Using dialect: org.hibernate.dialect.H2Dialect
2021-06-21 19:36:24,429 INFO o.h.e.t.j.p.i.JtaPlatformInitiator [main] HHH000490: Using JtaPlatform implementation: [org.hibernate.engine.transaction.jta.platform.internal.NoJtaPlatform]
2021-06-21 19:36:24,440 INFO o.s.o.j.AbstractEntityManagerFactoryBean [main] Initialized JPA EntityManagerFactory for persistence unit 'default'
2021-06-21 19:36:24,502 WARN o.s.b.a.o.j.JpaBaseConfiguration$JpaWebConfiguration [main] spring.jpa.open-in-view is enabled by default. Therefore, database queries may be performed during view rendering. Explicitly configure spring.jpa.open-in-view to disable this warning
2021-06-21 19:36:24,878 INFO o.a.j.l.DirectJDKLog [main] Starting ProtocolHandler ["http-nio-9091"]
2021-06-21 19:36:24,909 INFO o.s.b.w.e.t.TomcatWebServer [main] Tomcat started on port(s): 9091 (http) with context path ''
2021-06-21 19:36:24,921 INFO c.p.a.s.JobScheduler [scheduling-1] No jobs to run in the queue
2021-06-21 19:36:24,923 INFO o.s.b.StartupInfoLogger [main] Started JobMgtSvcApp in 3.366 seconds (JVM running for 4.792)
2021-06-21 19:36:24,924 INFO o.s.b.a.ApplicationAvailabilityBean [main] Application availability state LivenessState changed to CORRECT
2021-06-21 19:36:29,921 INFO c.p.a.s.JobScheduler [scheduling-1] No jobs to run in the queue
2021-06-21 19:36:34,922 INFO c.p.a.s.JobScheduler [scheduling-1] No jobs to run in the queue
2021-06-21 19:36:37,071 INFO c.p.a.s.DataServicer [main] Job added to the Queue with job id : d577f25887d3b8cd9329eaf976a55b3c
2021-06-21 19:36:39,931 INFO c.p.a.s.DataServicer [scheduling-1] Job updated in Queue with job id : d577f25887d3b8cd9329eaf976a55b3c
2021-06-21 19:36:39,932 INFO c.p.a.s.DataServicer [scheduling-1] Job updated in Queue with job id : d577f25887d3b8cd9329eaf976a55b3c to RUNNING
2021-06-21 19:36:41,679 INFO c.p.a.e.PythonEngine [scheduling-1] Output for Job Id d577f25887d3b8cd9329eaf976a55b3c : 400

2021-06-21 19:36:41,679 INFO c.p.a.s.DataServicer [scheduling-1] Job updated in Queue with job id : d577f25887d3b8cd9329eaf976a55b3c to SUCCESS
2021-06-21 19:36:44,924 INFO c.p.a.s.JobScheduler [scheduling-1] No jobs to run in the queue
2021-06-21 19:36:49,927 INFO c.p.a.s.JobScheduler [scheduling-1] No jobs to run in the queue
2021-06-21 19:36:54,926 INFO c.p.a.s.JobScheduler [scheduling-1] No jobs to run in the queue
2021-06-21 19:36:59,926 INFO c.p.a.s.JobScheduler [scheduling-1] No jobs to run in the queue
2021-06-21 19:37:04,925 INFO c.p.a.s.JobScheduler [scheduling-1] No jobs to run in the queue
2021-06-21 19:37:08,376 INFO o.s.b.a.SpringApplicationAdminMXBeanRegistrar$SpringApplicationAdmin [RMI TCP Connection(2)-127.0.0.1] Application shutdown requested.
2021-06-21 19:37:08,376 INFO o.s.b.a.ApplicationAvailabilityBean [RMI TCP Connection(2)-127.0.0.1] Application availability state ReadinessState changed to REFUSING_TRAFFIC
2021-06-21 19:37:08,399 INFO o.s.o.j.AbstractEntityManagerFactoryBean [RMI TCP Connection(2)-127.0.0.1] Closing JPA EntityManagerFactory for persistence unit 'default'
2021-06-21 19:37:08,400 INFO o.h.t.s.i.SchemaDropperImpl$DelayedDropActionImpl [RMI TCP Connection(2)-127.0.0.1] HHH000477: Starting delayed evictData of schema as part of SessionFactory shut-down'
2021-06-21 19:37:08,402 INFO c.z.h.HikariDataSource [RMI TCP Connection(2)-127.0.0.1] HikariPool-1 - Shutdown initiated...
2021-06-21 19:37:08,404 INFO c.z.h.HikariDataSource [RMI TCP Connection(2)-127.0.0.1] HikariPool-1 - Shutdown completed.
