2021-06-18 21:30:49,583 INFO o.s.b.StartupInfoLogger [main] Starting JobMgtSvcApp using Java 1.8.0_265 on WEIN00146M.local with PID 91460 (/Users/vkoneri/eclipse-workspace/JobManagementSvc/target/classes started by vkoneri in /Users/vkoneri/eclipse-workspace/JobManagementSvc)
2021-06-18 21:30:49,594 INFO o.s.b.SpringApplication [main] No active profile set, falling back to default profiles: default
2021-06-18 21:30:50,339 INFO o.s.d.r.c.RepositoryConfigurationDelegate [main] Bootstrapping Spring Data JPA repositories in DEFAULT mode.
2021-06-18 21:30:50,359 INFO o.s.d.r.c.RepositoryConfigurationDelegate [main] Finished Spring Data repository scanning in 8 ms. Found 0 JPA repository interfaces.
2021-06-18 21:30:51,183 INFO o.s.b.w.e.t.TomcatWebServer [main] Tomcat initialized with port(s): 9091 (http)
2021-06-18 21:30:51,197 INFO o.a.j.l.DirectJDKLog [main] Initializing ProtocolHandler ["http-nio-9091"]
2021-06-18 21:30:51,198 INFO o.a.j.l.DirectJDKLog [main] Starting service [Tomcat]
2021-06-18 21:30:51,198 INFO o.a.j.l.DirectJDKLog [main] Starting Servlet engine: [Apache Tomcat/9.0.46]
2021-06-18 21:30:51,283 INFO o.a.j.l.DirectJDKLog [main] Initializing Spring embedded WebApplicationContext
2021-06-18 21:30:51,283 INFO o.s.b.w.s.c.ServletWebServerApplicationContext [main] Root WebApplicationContext: initialization completed in 1639 ms
2021-06-18 21:30:51,332 INFO c.z.h.HikariDataSource [main] HikariPool-1 - Starting...
2021-06-18 21:30:51,578 INFO c.z.h.HikariDataSource [main] HikariPool-1 - Start completed.
2021-06-18 21:30:51,590 INFO o.s.b.a.h.H2ConsoleAutoConfiguration [main] H2 console available at '/h2-console'. Database available at 'jdbc:h2:mem:jobsdb'
2021-06-18 21:30:51,813 INFO o.h.j.i.u.LogHelper [main] HHH000204: Processing PersistenceUnitInfo [name: default]
2021-06-18 21:30:51,904 INFO o.h.Version [main] HHH000412: Hibernate ORM core version 5.4.31.Final
2021-06-18 21:30:52,141 INFO o.h.a.c.r.j.JavaReflectionManager [main] HCANN000001: Hibernate Commons Annotations {5.1.2.Final}
2021-06-18 21:30:52,309 INFO o.h.d.Dialect [main] HHH000400: Using dialect: org.hibernate.dialect.H2Dialect
2021-06-18 21:30:52,703 INFO o.h.e.t.j.p.i.JtaPlatformInitiator [main] HHH000490: Using JtaPlatform implementation: [org.hibernate.engine.transaction.jta.platform.internal.NoJtaPlatform]
2021-06-18 21:30:52,718 INFO o.s.o.j.AbstractEntityManagerFactoryBean [main] Initialized JPA EntityManagerFactory for persistence unit 'default'
2021-06-18 21:30:52,825 WARN o.s.b.a.o.j.JpaBaseConfiguration$JpaWebConfiguration [main] spring.jpa.open-in-view is enabled by default. Therefore, database queries may be performed during view rendering. Explicitly configure spring.jpa.open-in-view to disable this warning
2021-06-18 21:30:53,284 INFO o.a.j.l.DirectJDKLog [main] Starting ProtocolHandler ["http-nio-9091"]
2021-06-18 21:30:53,341 INFO o.s.b.w.e.t.TomcatWebServer [main] Tomcat started on port(s): 9091 (http) with context path ''
2021-06-18 21:30:53,355 INFO c.p.a.s.JobScheduler [scheduling-1] No jobs to run in the queue
2021-06-18 21:30:53,359 INFO o.s.b.StartupInfoLogger [main] Started JobMgtSvcApp in 4.437 seconds (JVM running for 5.808)
2021-06-18 21:30:53,361 INFO o.s.b.a.ApplicationAvailabilityBean [main] Application availability state LivenessState changed to CORRECT
2021-06-18 21:30:55,601 INFO c.p.a.s.DataServicer [main] Job added to the Queue with job id : 1074b270ba9f6edbdc097d99dd4b7f68
2021-06-18 21:30:58,355 INFO c.p.a.s.DataServicer [scheduling-1] Job updated in Queue with job id : 1074b270ba9f6edbdc097d99dd4b7f68
2021-06-18 21:30:58,356 INFO c.p.a.s.DataServicer [scheduling-1] Job updated in Queue with job id : 1074b270ba9f6edbdc097d99dd4b7f68 to RUNNING
2021-06-18 21:31:00,652 INFO c.p.a.e.PythonEngine [scheduling-1] Output for Job Id 1074b270ba9f6edbdc097d99dd4b7f68 : 400

2021-06-18 21:31:00,653 INFO c.p.a.s.DataServicer [scheduling-1] Job updated in Queue with job id : 1074b270ba9f6edbdc097d99dd4b7f68 to SUCCESS
