2021-06-21 19:34:09,049 INFO o.s.b.StartupInfoLogger [main] Starting JobMgtSvcApp v0.0.1-SNAPSHOT using Java 1.8.0_265 on WEIN00146M.local with PID 25058 (/Users/vkoneri/eclipse-workspace/JobManagementSvc/target/JobManagementSvc-0.0.1-SNAPSHOT.jar started by vkoneri in /Users/vkoneri/eclipse-workspace/JobManagementSvc)
2021-06-21 19:34:09,058 INFO o.s.b.SpringApplication [main] No active profile set, falling back to default profiles: default
2021-06-21 19:34:09,791 INFO o.s.d.r.c.RepositoryConfigurationDelegate [main] Bootstrapping Spring Data JPA repositories in DEFAULT mode.
2021-06-21 19:34:09,809 INFO o.s.d.r.c.RepositoryConfigurationDelegate [main] Finished Spring Data repository scanning in 6 ms. Found 0 JPA repository interfaces.
2021-06-21 19:34:10,507 INFO o.s.b.w.e.t.TomcatWebServer [main] Tomcat initialized with port(s): 9091 (http)
2021-06-21 19:34:10,518 INFO o.a.j.l.DirectJDKLog [main] Initializing ProtocolHandler ["http-nio-9091"]
2021-06-21 19:34:10,518 INFO o.a.j.l.DirectJDKLog [main] Starting service [Tomcat]
2021-06-21 19:34:10,519 INFO o.a.j.l.DirectJDKLog [main] Starting Servlet engine: [Apache Tomcat/9.0.46]
2021-06-21 19:34:10,574 INFO o.a.j.l.DirectJDKLog [main] Initializing Spring embedded WebApplicationContext
2021-06-21 19:34:10,574 INFO o.s.b.w.s.c.ServletWebServerApplicationContext [main] Root WebApplicationContext: initialization completed in 1464 ms
2021-06-21 19:34:10,616 INFO c.z.h.HikariDataSource [main] HikariPool-1 - Starting...
2021-06-21 19:34:10,874 INFO c.z.h.HikariDataSource [main] HikariPool-1 - Start completed.
2021-06-21 19:34:10,883 INFO o.s.b.a.h.H2ConsoleAutoConfiguration [main] H2 console available at '/h2-console'. Database available at 'jdbc:h2:mem:jobsdb'
2021-06-21 19:34:11,116 INFO o.h.j.i.u.LogHelper [main] HHH000204: Processing PersistenceUnitInfo [name: default]
2021-06-21 19:34:11,243 INFO o.h.Version [main] HHH000412: Hibernate ORM core version 5.4.31.Final
2021-06-21 19:34:11,415 INFO o.h.a.c.r.j.JavaReflectionManager [main] HCANN000001: Hibernate Commons Annotations {5.1.2.Final}
2021-06-21 19:34:11,583 INFO o.h.d.Dialect [main] HHH000400: Using dialect: org.hibernate.dialect.H2Dialect
2021-06-21 19:34:11,879 INFO o.h.e.t.j.p.i.JtaPlatformInitiator [main] HHH000490: Using JtaPlatform implementation: [org.hibernate.engine.transaction.jta.platform.internal.NoJtaPlatform]
2021-06-21 19:34:11,889 INFO o.s.o.j.AbstractEntityManagerFactoryBean [main] Initialized JPA EntityManagerFactory for persistence unit 'default'
2021-06-21 19:34:11,972 WARN o.s.b.a.o.j.JpaBaseConfiguration$JpaWebConfiguration [main] spring.jpa.open-in-view is enabled by default. Therefore, database queries may be performed during view rendering. Explicitly configure spring.jpa.open-in-view to disable this warning
2021-06-21 19:34:12,428 INFO o.a.j.l.DirectJDKLog [main] Starting ProtocolHandler ["http-nio-9091"]
2021-06-21 19:34:12,457 INFO o.s.b.w.e.t.TomcatWebServer [main] Tomcat started on port(s): 9091 (http) with context path ''
2021-06-21 19:34:12,469 INFO c.p.a.s.JobScheduler [scheduling-1] No jobs to run in the queue
2021-06-21 19:34:12,471 INFO o.s.b.StartupInfoLogger [main] Started JobMgtSvcApp in 3.944 seconds (JVM running for 4.8)
2021-06-21 19:34:12,472 INFO o.s.b.a.ApplicationAvailabilityBean [main] Application availability state LivenessState changed to CORRECT
2021-06-21 19:34:17,472 INFO c.p.a.s.JobScheduler [scheduling-1] No jobs to run in the queue
2021-06-21 19:34:17,632 INFO c.p.a.s.DataServicer [main] Job added to the Queue with job id : d577f25887d3b8cd9329eaf976a55b3c
2021-06-21 19:34:22,471 INFO c.p.a.s.DataServicer [scheduling-1] Job updated in Queue with job id : d577f25887d3b8cd9329eaf976a55b3c
2021-06-21 19:34:22,472 INFO c.p.a.s.DataServicer [scheduling-1] Job updated in Queue with job id : d577f25887d3b8cd9329eaf976a55b3c to RUNNING
2021-06-21 19:34:22,824 WARN c.p.a.s.JobScheduler [scheduling-1] job failed due to : null
2021-06-21 19:34:22,825 INFO c.p.a.s.DataServicer [scheduling-1] Job updated in Queue with job id : d577f25887d3b8cd9329eaf976a55b3c to FAILED
2021-06-21 19:34:27,471 INFO c.p.a.s.JobScheduler [scheduling-1] No jobs to run in the queue
2021-06-21 19:34:32,470 INFO c.p.a.s.JobScheduler [scheduling-1] No jobs to run in the queue
2021-06-21 19:34:37,472 INFO c.p.a.s.JobScheduler [scheduling-1] No jobs to run in the queue
2021-06-21 19:34:42,467 INFO c.p.a.s.JobScheduler [scheduling-1] No jobs to run in the queue
2021-06-21 19:34:47,471 INFO c.p.a.s.JobScheduler [scheduling-1] No jobs to run in the queue
2021-06-21 19:34:52,470 INFO c.p.a.s.JobScheduler [scheduling-1] No jobs to run in the queue
2021-06-21 19:34:57,467 INFO c.p.a.s.JobScheduler [scheduling-1] No jobs to run in the queue
2021-06-21 19:35:02,469 INFO c.p.a.s.JobScheduler [scheduling-1] No jobs to run in the queue
2021-06-21 19:35:07,468 INFO c.p.a.s.JobScheduler [scheduling-1] No jobs to run in the queue
2021-06-21 19:35:12,471 INFO c.p.a.s.JobScheduler [scheduling-1] No jobs to run in the queue
2021-06-21 19:35:17,468 INFO c.p.a.s.JobScheduler [scheduling-1] No jobs to run in the queue
2021-06-21 19:35:22,471 INFO c.p.a.s.JobScheduler [scheduling-1] No jobs to run in the queue
2021-06-21 19:35:27,468 INFO c.p.a.s.JobScheduler [scheduling-1] No jobs to run in the queue
2021-06-21 19:35:32,468 INFO c.p.a.s.JobScheduler [scheduling-1] No jobs to run in the queue
2021-06-21 19:35:37,469 INFO c.p.a.s.JobScheduler [scheduling-1] No jobs to run in the queue
2021-06-21 19:35:42,471 INFO c.p.a.s.JobScheduler [scheduling-1] No jobs to run in the queue
2021-06-21 19:35:47,471 INFO c.p.a.s.JobScheduler [scheduling-1] No jobs to run in the queue
2021-06-21 19:35:52,469 INFO c.p.a.s.JobScheduler [scheduling-1] No jobs to run in the queue
2021-06-21 19:35:57,470 INFO c.p.a.s.JobScheduler [scheduling-1] No jobs to run in the queue
2021-06-21 19:36:02,471 INFO c.p.a.s.JobScheduler [scheduling-1] No jobs to run in the queue
2021-06-21 19:36:07,477 INFO c.p.a.s.JobScheduler [scheduling-1] No jobs to run in the queue
2021-06-21 19:36:12,475 INFO c.p.a.s.JobScheduler [scheduling-1] No jobs to run in the queue
2021-06-21 19:36:17,480 INFO c.p.a.s.JobScheduler [scheduling-1] No jobs to run in the queue
2021-06-21 19:36:22,479 INFO c.p.a.s.JobScheduler [scheduling-1] No jobs to run in the queue
2021-06-21 19:36:24,817 INFO o.s.b.a.ApplicationAvailabilityBean [SpringContextShutdownHook] Application availability state ReadinessState changed to REFUSING_TRAFFIC
