2021-06-21 19:41:43,105 INFO o.s.b.StartupInfoLogger [main] Starting JobMgtSvcApp using Java 1.8.0_265 on WEIN00146M.local with PID 25375 (/Users/vkoneri/eclipse-workspace/JobManagementSvc/target/classes started by vkoneri in /Users/vkoneri/eclipse-workspace/JobManagementSvc)
2021-06-21 19:41:43,110 INFO o.s.b.SpringApplication [main] No active profile set, falling back to default profiles: default
2021-06-21 19:41:43,527 INFO o.s.d.r.c.RepositoryConfigurationDelegate [main] Bootstrapping Spring Data JPA repositories in DEFAULT mode.
2021-06-21 19:41:43,538 INFO o.s.d.r.c.RepositoryConfigurationDelegate [main] Finished Spring Data repository scanning in 5 ms. Found 0 JPA repository interfaces.
2021-06-21 19:41:43,856 INFO o.s.b.w.e.t.TomcatWebServer [main] Tomcat initialized with port(s): 9091 (http)
2021-06-21 19:41:43,861 INFO o.a.j.l.DirectJDKLog [main] Initializing ProtocolHandler ["http-nio-9091"]
2021-06-21 19:41:43,862 INFO o.a.j.l.DirectJDKLog [main] Starting service [Tomcat]
2021-06-21 19:41:43,862 INFO o.a.j.l.DirectJDKLog [main] Starting Servlet engine: [Apache Tomcat/9.0.46]
2021-06-21 19:41:43,910 INFO o.a.j.l.DirectJDKLog [main] Initializing Spring embedded WebApplicationContext
2021-06-21 19:41:43,910 INFO o.s.b.w.s.c.ServletWebServerApplicationContext [main] Root WebApplicationContext: initialization completed in 767 ms
2021-06-21 19:41:43,937 INFO c.z.h.HikariDataSource [main] HikariPool-1 - Starting...
2021-06-21 19:41:44,008 INFO c.z.h.HikariDataSource [main] HikariPool-1 - Start completed.
2021-06-21 19:41:44,012 INFO o.s.b.a.h.H2ConsoleAutoConfiguration [main] H2 console available at '/h2-console'. Database available at 'jdbc:h2:mem:jobsdb'
2021-06-21 19:41:44,148 INFO o.h.j.i.u.LogHelper [main] HHH000204: Processing PersistenceUnitInfo [name: default]
2021-06-21 19:41:44,177 INFO o.h.Version [main] HHH000412: Hibernate ORM core version 5.4.31.Final
2021-06-21 19:41:44,253 INFO o.h.a.c.r.j.JavaReflectionManager [main] HCANN000001: Hibernate Commons Annotations {5.1.2.Final}
2021-06-21 19:41:44,329 INFO o.h.d.Dialect [main] HHH000400: Using dialect: org.hibernate.dialect.H2Dialect
2021-06-21 19:41:44,456 INFO o.h.e.t.j.p.i.JtaPlatformInitiator [main] HHH000490: Using JtaPlatform implementation: [org.hibernate.engine.transaction.jta.platform.internal.NoJtaPlatform]
2021-06-21 19:41:44,464 INFO o.s.o.j.AbstractEntityManagerFactoryBean [main] Initialized JPA EntityManagerFactory for persistence unit 'default'
2021-06-21 19:41:44,515 WARN o.s.b.a.o.j.JpaBaseConfiguration$JpaWebConfiguration [main] spring.jpa.open-in-view is enabled by default. Therefore, database queries may be performed during view rendering. Explicitly configure spring.jpa.open-in-view to disable this warning
2021-06-21 19:41:44,794 INFO o.a.j.l.DirectJDKLog [main] Starting ProtocolHandler ["http-nio-9091"]
2021-06-21 19:41:44,812 INFO o.s.b.w.e.t.TomcatWebServer [main] Tomcat started on port(s): 9091 (http) with context path ''
2021-06-21 19:41:44,820 INFO c.p.a.s.JobScheduler [scheduling-1] No jobs to run in the queue
2021-06-21 19:41:44,820 INFO o.s.b.StartupInfoLogger [main] Started JobMgtSvcApp in 2.036 seconds (JVM running for 2.72)
2021-06-21 19:41:44,821 INFO o.s.b.a.ApplicationAvailabilityBean [main] Application availability state LivenessState changed to CORRECT
2021-06-21 19:41:49,226 INFO c.p.a.s.DataServicer [main] Job added to the Queue with job id : d577f25887d3b8cd9329eaf976a55b3c
2021-06-21 19:41:49,823 INFO c.p.a.s.DataServicer [scheduling-1] Job updated in Queue with job id : d577f25887d3b8cd9329eaf976a55b3c
2021-06-21 19:41:49,824 INFO c.p.a.s.DataServicer [scheduling-1] Job updated in Queue with job id : d577f25887d3b8cd9329eaf976a55b3c to RUNNING
2021-06-21 19:41:51,279 INFO c.p.a.e.PythonEngine [scheduling-1] Output for Job Id d577f25887d3b8cd9329eaf976a55b3c : 400

2021-06-21 19:41:51,281 INFO c.p.a.s.DataServicer [scheduling-1] Job updated in Queue with job id : d577f25887d3b8cd9329eaf976a55b3c to SUCCESS
2021-06-21 19:41:54,821 INFO c.p.a.s.JobScheduler [scheduling-1] No jobs to run in the queue
2021-06-21 19:41:59,821 INFO c.p.a.s.JobScheduler [scheduling-1] No jobs to run in the queue
2021-06-21 19:42:04,819 INFO c.p.a.s.JobScheduler [scheduling-1] No jobs to run in the queue
2021-06-21 19:42:09,820 INFO c.p.a.s.JobScheduler [scheduling-1] No jobs to run in the queue
2021-06-21 19:42:12,516 INFO c.p.a.s.DataServicer [main] Job added to the Queue with job id : 179b8584cda8c62bcc85fb32c9fa67c4
2021-06-21 19:42:12,517 INFO c.p.a.s.DataServicer [main] Job added to the Queue with job id : 26c4bce94658b308dc79d3d637fc6413
2021-06-21 19:42:12,517 INFO c.p.a.s.DataServicer [main] Job added to the Queue with job id : 5c233132fa8f9c30a400db271ef223c6
2021-06-21 19:42:14,823 INFO c.p.a.s.DataServicer [scheduling-1] Job updated in Queue with job id : 5c233132fa8f9c30a400db271ef223c6
2021-06-21 19:42:14,824 INFO c.p.a.s.DataServicer [scheduling-1] Job updated in Queue with job id : 5c233132fa8f9c30a400db271ef223c6 to RUNNING
2021-06-21 19:42:15,187 INFO c.p.a.e.PythonEngine [scheduling-1] Output for Job Id 5c233132fa8f9c30a400db271ef223c6 : 400

2021-06-21 19:42:15,188 INFO c.p.a.s.DataServicer [scheduling-1] Job updated in Queue with job id : 5c233132fa8f9c30a400db271ef223c6 to SUCCESS
2021-06-21 19:42:19,821 INFO c.p.a.s.DataServicer [scheduling-1] Job updated in Queue with job id : 26c4bce94658b308dc79d3d637fc6413
2021-06-21 19:42:19,823 INFO c.p.a.s.DataServicer [scheduling-1] Job updated in Queue with job id : 26c4bce94658b308dc79d3d637fc6413 to RUNNING
2021-06-21 19:42:19,870 WARN c.p.a.s.JobScheduler [scheduling-1] job failed due to : org.mozilla.javascript.EcmaError: TypeError: Cannot find function println in object . (print#7) in print at line number 7
2021-06-21 19:42:19,871 INFO c.p.a.s.DataServicer [scheduling-1] Job updated in Queue with job id : 26c4bce94658b308dc79d3d637fc6413 to FAILED
2021-06-21 19:42:24,823 INFO c.p.a.s.DataServicer [scheduling-1] Job updated in Queue with job id : 179b8584cda8c62bcc85fb32c9fa67c4
2021-06-21 19:42:24,825 INFO c.p.a.s.DataServicer [scheduling-1] Job added to the Later Queue with job id : 179b8584cda8c62bcc85fb32c9fa67c4
2021-06-21 19:42:24,826 INFO c.p.a.s.DataServicer [scheduling-1] Job updated in Queue with job id : 179b8584cda8c62bcc85fb32c9fa67c4 to RUNNING
2021-06-21 19:42:25,097 INFO c.p.a.e.PythonEngine [scheduling-1] Output for Job Id 179b8584cda8c62bcc85fb32c9fa67c4 : 400

2021-06-21 19:42:25,097 INFO c.p.a.s.DataServicer [scheduling-1] Job updated in Queue with job id : 179b8584cda8c62bcc85fb32c9fa67c4 to SUCCESS
2021-06-21 19:42:25,098 INFO c.p.a.s.DataServicer [scheduling-1] Job removed from later Queue with job id : 179b8584cda8c62bcc85fb32c9fa67c4
2021-06-21 19:42:29,823 INFO c.p.a.s.JobScheduler [scheduling-1] No jobs to run in the queue
2021-06-21 19:42:34,819 INFO c.p.a.s.JobScheduler [scheduling-1] No jobs to run in the queue
2021-06-21 19:42:39,819 INFO c.p.a.s.JobScheduler [scheduling-1] No jobs to run in the queue
2021-06-21 19:42:44,822 INFO c.p.a.s.JobScheduler [scheduling-1] No jobs to run in the queue
2021-06-21 19:42:49,821 INFO c.p.a.s.JobScheduler [scheduling-1] No jobs to run in the queue
2021-06-21 19:42:54,819 INFO c.p.a.s.JobScheduler [scheduling-1] No jobs to run in the queue
2021-06-21 19:42:59,823 INFO c.p.a.s.JobScheduler [scheduling-1] No jobs to run in the queue
2021-06-21 19:43:04,820 INFO c.p.a.s.JobScheduler [scheduling-1] No jobs to run in the queue
2021-06-21 19:43:09,821 INFO c.p.a.s.JobScheduler [scheduling-1] No jobs to run in the queue
2021-06-21 19:43:14,819 INFO c.p.a.s.JobScheduler [scheduling-1] No jobs to run in the queue
2021-06-21 19:43:19,821 INFO c.p.a.s.JobScheduler [scheduling-1] No jobs to run in the queue
2021-06-21 19:43:24,823 INFO c.p.a.s.JobScheduler [scheduling-1] No jobs to run in the queue
2021-06-21 19:43:29,820 INFO c.p.a.s.JobScheduler [scheduling-1] No jobs to run in the queue
2021-06-21 19:43:34,820 INFO c.p.a.s.JobScheduler [scheduling-1] No jobs to run in the queue
2021-06-21 19:43:39,824 INFO c.p.a.s.JobScheduler [scheduling-1] No jobs to run in the queue
2021-06-21 19:43:44,823 INFO c.p.a.s.JobScheduler [scheduling-1] No jobs to run in the queue
2021-06-21 19:43:49,820 INFO c.p.a.s.JobScheduler [scheduling-1] No jobs to run in the queue
2021-06-21 19:43:54,819 INFO c.p.a.s.JobScheduler [scheduling-1] No jobs to run in the queue
2021-06-21 19:43:59,820 INFO c.p.a.s.JobScheduler [scheduling-1] No jobs to run in the queue
2021-06-21 19:44:04,822 INFO c.p.a.s.JobScheduler [scheduling-1] No jobs to run in the queue
2021-06-21 19:44:09,822 INFO c.p.a.s.JobScheduler [scheduling-1] No jobs to run in the queue
2021-06-21 19:44:14,819 INFO c.p.a.s.JobScheduler [scheduling-1] No jobs to run in the queue
2021-06-21 19:44:19,820 INFO c.p.a.s.JobScheduler [scheduling-1] No jobs to run in the queue
2021-06-21 19:44:24,823 INFO c.p.a.s.JobScheduler [scheduling-1] No jobs to run in the queue
2021-06-21 19:44:29,820 INFO c.p.a.s.JobScheduler [scheduling-1] No jobs to run in the queue
2021-06-21 19:44:34,820 INFO c.p.a.s.JobScheduler [scheduling-1] No jobs to run in the queue
2021-06-21 19:44:39,821 INFO c.p.a.s.JobScheduler [scheduling-1] No jobs to run in the queue
2021-06-21 19:44:44,823 INFO c.p.a.s.JobScheduler [scheduling-1] No jobs to run in the queue
2021-06-21 19:44:49,820 INFO c.p.a.s.JobScheduler [scheduling-1] No jobs to run in the queue
2021-06-21 19:44:54,823 INFO c.p.a.s.JobScheduler [scheduling-1] No jobs to run in the queue
2021-06-21 19:44:59,823 INFO c.p.a.s.JobScheduler [scheduling-1] No jobs to run in the queue
2021-06-21 19:45:04,823 INFO c.p.a.s.JobScheduler [scheduling-1] No jobs to run in the queue
2021-06-21 19:45:09,821 INFO c.p.a.s.JobScheduler [scheduling-1] No jobs to run in the queue
2021-06-21 19:45:14,820 INFO c.p.a.s.JobScheduler [scheduling-1] No jobs to run in the queue
2021-06-21 19:45:19,821 INFO c.p.a.s.JobScheduler [scheduling-1] No jobs to run in the queue
2021-06-21 19:45:24,820 INFO c.p.a.s.JobScheduler [scheduling-1] No jobs to run in the queue
2021-06-21 19:45:29,820 INFO c.p.a.s.JobScheduler [scheduling-1] No jobs to run in the queue
2021-06-21 19:45:34,824 INFO c.p.a.s.JobScheduler [scheduling-1] No jobs to run in the queue
2021-06-21 19:45:39,821 INFO c.p.a.s.JobScheduler [scheduling-1] No jobs to run in the queue
2021-06-21 19:45:44,821 INFO c.p.a.s.JobScheduler [scheduling-1] No jobs to run in the queue
2021-06-21 19:45:49,821 INFO c.p.a.s.JobScheduler [scheduling-1] No jobs to run in the queue
2021-06-21 19:45:54,824 INFO c.p.a.s.JobScheduler [scheduling-1] No jobs to run in the queue
2021-06-21 19:45:59,820 INFO c.p.a.s.JobScheduler [scheduling-1] No jobs to run in the queue
2021-06-21 19:46:04,823 INFO c.p.a.s.JobScheduler [scheduling-1] No jobs to run in the queue
2021-06-21 19:46:09,820 INFO c.p.a.s.JobScheduler [scheduling-1] No jobs to run in the queue
2021-06-21 19:46:14,822 INFO c.p.a.s.JobScheduler [scheduling-1] No jobs to run in the queue
2021-06-21 19:46:19,820 INFO c.p.a.s.JobScheduler [scheduling-1] No jobs to run in the queue
2021-06-21 19:46:24,823 INFO c.p.a.s.JobScheduler [scheduling-1] No jobs to run in the queue
2021-06-21 19:46:29,823 INFO c.p.a.s.JobScheduler [scheduling-1] No jobs to run in the queue
2021-06-21 19:46:34,823 INFO c.p.a.s.JobScheduler [scheduling-1] No jobs to run in the queue
2021-06-21 19:46:39,822 INFO c.p.a.s.JobScheduler [scheduling-1] No jobs to run in the queue
2021-06-21 19:46:44,819 INFO c.p.a.s.JobScheduler [scheduling-1] No jobs to run in the queue
2021-06-21 19:46:49,819 INFO c.p.a.s.JobScheduler [scheduling-1] No jobs to run in the queue
2021-06-21 19:46:54,823 INFO c.p.a.s.JobScheduler [scheduling-1] No jobs to run in the queue
2021-06-21 19:46:59,824 INFO c.p.a.s.JobScheduler [scheduling-1] No jobs to run in the queue
2021-06-21 19:47:04,823 INFO c.p.a.s.JobScheduler [scheduling-1] No jobs to run in the queue
2021-06-21 19:47:09,821 INFO c.p.a.s.JobScheduler [scheduling-1] No jobs to run in the queue
2021-06-21 19:47:14,822 INFO c.p.a.s.JobScheduler [scheduling-1] No jobs to run in the queue
2021-06-21 19:47:19,317 INFO o.s.b.a.ApplicationAvailabilityBean [SpringContextShutdownHook] Application availability state ReadinessState changed to REFUSING_TRAFFIC
