2021-06-18 21:23:19,231 INFO o.s.b.StartupInfoLogger [main] Starting JobMgtSvcApp using Java 1.8.0_265 on WEIN00146M.local with PID 91282 (/Users/vkoneri/eclipse-workspace/JobManagementSvc/target/classes started by vkoneri in /Users/vkoneri/eclipse-workspace/JobManagementSvc)
2021-06-18 21:23:19,242 INFO o.s.b.SpringApplication [main] No active profile set, falling back to default profiles: default
2021-06-18 21:23:19,978 INFO o.s.d.r.c.RepositoryConfigurationDelegate [main] Bootstrapping Spring Data JPA repositories in DEFAULT mode.
2021-06-18 21:23:19,998 INFO o.s.d.r.c.RepositoryConfigurationDelegate [main] Finished Spring Data repository scanning in 8 ms. Found 0 JPA repository interfaces.
2021-06-18 21:23:20,693 INFO o.s.b.w.e.t.TomcatWebServer [main] Tomcat initialized with port(s): 9091 (http)
2021-06-18 21:23:20,706 INFO o.a.j.l.DirectJDKLog [main] Initializing ProtocolHandler ["http-nio-9091"]
2021-06-18 21:23:20,707 INFO o.a.j.l.DirectJDKLog [main] Starting service [Tomcat]
2021-06-18 21:23:20,707 INFO o.a.j.l.DirectJDKLog [main] Starting Servlet engine: [Apache Tomcat/9.0.46]
2021-06-18 21:23:20,783 INFO o.a.j.l.DirectJDKLog [main] Initializing Spring embedded WebApplicationContext
2021-06-18 21:23:20,783 INFO o.s.b.w.s.c.ServletWebServerApplicationContext [main] Root WebApplicationContext: initialization completed in 1489 ms
2021-06-18 21:23:20,826 INFO c.z.h.HikariDataSource [main] HikariPool-1 - Starting...
2021-06-18 21:23:21,062 INFO c.z.h.HikariDataSource [main] HikariPool-1 - Start completed.
2021-06-18 21:23:21,073 INFO o.s.b.a.h.H2ConsoleAutoConfiguration [main] H2 console available at '/h2-console'. Database available at 'jdbc:h2:mem:jobsdb'
2021-06-18 21:23:21,278 INFO o.h.j.i.u.LogHelper [main] HHH000204: Processing PersistenceUnitInfo [name: default]
2021-06-18 21:23:21,353 INFO o.h.Version [main] HHH000412: Hibernate ORM core version 5.4.31.Final
2021-06-18 21:23:21,560 INFO o.h.a.c.r.j.JavaReflectionManager [main] HCANN000001: Hibernate Commons Annotations {5.1.2.Final}
2021-06-18 21:23:21,716 INFO o.h.d.Dialect [main] HHH000400: Using dialect: org.hibernate.dialect.H2Dialect
2021-06-18 21:23:22,043 INFO o.h.e.t.j.p.i.JtaPlatformInitiator [main] HHH000490: Using JtaPlatform implementation: [org.hibernate.engine.transaction.jta.platform.internal.NoJtaPlatform]
2021-06-18 21:23:22,058 INFO o.s.o.j.AbstractEntityManagerFactoryBean [main] Initialized JPA EntityManagerFactory for persistence unit 'default'
2021-06-18 21:23:22,149 WARN o.s.b.a.o.j.JpaBaseConfiguration$JpaWebConfiguration [main] spring.jpa.open-in-view is enabled by default. Therefore, database queries may be performed during view rendering. Explicitly configure spring.jpa.open-in-view to disable this warning
2021-06-18 21:23:22,644 INFO o.a.j.l.DirectJDKLog [main] Starting ProtocolHandler ["http-nio-9091"]
2021-06-18 21:23:22,679 INFO o.s.b.w.e.t.TomcatWebServer [main] Tomcat started on port(s): 9091 (http) with context path ''
2021-06-18 21:23:22,690 INFO c.p.a.s.JobScheduler [scheduling-1] No jobs to run in the queue
2021-06-18 21:23:22,693 INFO o.s.b.StartupInfoLogger [main] Started JobMgtSvcApp in 4.036 seconds (JVM running for 5.062)
2021-06-18 21:23:22,694 INFO o.s.b.a.ApplicationAvailabilityBean [main] Application availability state LivenessState changed to CORRECT
2021-06-18 21:23:27,692 INFO c.p.a.s.JobScheduler [scheduling-1] No jobs to run in the queue
2021-06-18 21:23:28,040 INFO c.p.a.s.DataServicer [main] Job added to the Queue with job id : 1074b270ba9f6edbdc097d99dd4b7f68
2021-06-18 21:23:32,696 INFO c.p.a.s.DataServicer [scheduling-1] Job updated in Queue with job id : 1074b270ba9f6edbdc097d99dd4b7f68
2021-06-18 21:23:32,697 INFO c.p.a.s.DataServicer [scheduling-1] Job updated in Queue with job id : 1074b270ba9f6edbdc097d99dd4b7f68 to RUNNING
2021-06-18 21:23:34,847 INFO c.p.a.s.DataServicer [scheduling-1] Job updated in Queue with job id : 1074b270ba9f6edbdc097d99dd4b7f68 to SUCCESS
2021-06-18 21:23:37,689 INFO c.p.a.s.JobScheduler [scheduling-1] No jobs to run in the queue
2021-06-18 21:23:42,692 INFO c.p.a.s.JobScheduler [scheduling-1] No jobs to run in the queue
2021-06-18 21:23:47,692 INFO c.p.a.s.JobScheduler [scheduling-1] No jobs to run in the queue
2021-06-18 21:23:52,692 INFO c.p.a.s.JobScheduler [scheduling-1] No jobs to run in the queue
