2021-06-18 21:22:27,362 INFO o.s.b.StartupInfoLogger [main] Starting JobMgtSvcApp using Java 1.8.0_265 on WEIN00146M.local with PID 91270 (/Users/vkoneri/eclipse-workspace/JobManagementSvc/target/classes started by vkoneri in /Users/vkoneri/eclipse-workspace/JobManagementSvc)
2021-06-18 21:22:27,375 INFO o.s.b.SpringApplication [main] No active profile set, falling back to default profiles: default
2021-06-18 21:22:28,130 INFO o.s.d.r.c.RepositoryConfigurationDelegate [main] Bootstrapping Spring Data JPA repositories in DEFAULT mode.
2021-06-18 21:22:28,151 INFO o.s.d.r.c.RepositoryConfigurationDelegate [main] Finished Spring Data repository scanning in 9 ms. Found 0 JPA repository interfaces.
2021-06-18 21:22:28,961 INFO o.s.b.w.e.t.TomcatWebServer [main] Tomcat initialized with port(s): 9091 (http)
2021-06-18 21:22:28,973 INFO o.a.j.l.DirectJDKLog [main] Initializing ProtocolHandler ["http-nio-9091"]
2021-06-18 21:22:28,974 INFO o.a.j.l.DirectJDKLog [main] Starting service [Tomcat]
2021-06-18 21:22:28,974 INFO o.a.j.l.DirectJDKLog [main] Starting Servlet engine: [Apache Tomcat/9.0.46]
2021-06-18 21:22:29,049 INFO o.a.j.l.DirectJDKLog [main] Initializing Spring embedded WebApplicationContext
2021-06-18 21:22:29,049 INFO o.s.b.w.s.c.ServletWebServerApplicationContext [main] Root WebApplicationContext: initialization completed in 1623 ms
2021-06-18 21:22:29,095 INFO c.z.h.HikariDataSource [main] HikariPool-1 - Starting...
2021-06-18 21:22:29,365 INFO c.z.h.HikariDataSource [main] HikariPool-1 - Start completed.
2021-06-18 21:22:29,377 INFO o.s.b.a.h.H2ConsoleAutoConfiguration [main] H2 console available at '/h2-console'. Database available at 'jdbc:h2:mem:jobsdb'
2021-06-18 21:22:29,611 INFO o.h.j.i.u.LogHelper [main] HHH000204: Processing PersistenceUnitInfo [name: default]
2021-06-18 21:22:29,700 INFO o.h.Version [main] HHH000412: Hibernate ORM core version 5.4.31.Final
2021-06-18 21:22:29,934 INFO o.h.a.c.r.j.JavaReflectionManager [main] HCANN000001: Hibernate Commons Annotations {5.1.2.Final}
2021-06-18 21:22:30,102 INFO o.h.d.Dialect [main] HHH000400: Using dialect: org.hibernate.dialect.H2Dialect
2021-06-18 21:22:30,485 INFO o.h.e.t.j.p.i.JtaPlatformInitiator [main] HHH000490: Using JtaPlatform implementation: [org.hibernate.engine.transaction.jta.platform.internal.NoJtaPlatform]
2021-06-18 21:22:30,500 INFO o.s.o.j.AbstractEntityManagerFactoryBean [main] Initialized JPA EntityManagerFactory for persistence unit 'default'
2021-06-18 21:22:30,599 WARN o.s.b.a.o.j.JpaBaseConfiguration$JpaWebConfiguration [main] spring.jpa.open-in-view is enabled by default. Therefore, database queries may be performed during view rendering. Explicitly configure spring.jpa.open-in-view to disable this warning
2021-06-18 21:22:31,050 INFO o.a.j.l.DirectJDKLog [main] Starting ProtocolHandler ["http-nio-9091"]
2021-06-18 21:22:31,086 INFO o.s.b.w.e.t.TomcatWebServer [main] Tomcat started on port(s): 9091 (http) with context path ''
2021-06-18 21:22:31,097 INFO c.p.a.s.JobScheduler [scheduling-1] No jobs to run in the queue
2021-06-18 21:22:31,101 INFO o.s.b.StartupInfoLogger [main] Started JobMgtSvcApp in 4.363 seconds (JVM running for 5.493)
2021-06-18 21:22:31,102 INFO o.s.b.a.ApplicationAvailabilityBean [main] Application availability state LivenessState changed to CORRECT
2021-06-18 21:22:32,834 INFO c.p.a.s.DataServicer [main] Job added to the Queue with job id : 179b8584cda8c62bcc85fb32c9fa67c4
2021-06-18 21:22:32,835 INFO c.p.a.s.DataServicer [main] Job added to the Queue with job id : 26c4bce94658b308dc79d3d637fc6413
2021-06-18 21:22:32,835 INFO c.p.a.s.DataServicer [main] Job added to the Queue with job id : 5c233132fa8f9c30a400db271ef223c6
2021-06-18 21:22:36,105 INFO c.p.a.s.DataServicer [scheduling-1] Job updated in Queue with job id : 5c233132fa8f9c30a400db271ef223c6
2021-06-18 21:22:36,106 INFO c.p.a.s.DataServicer [scheduling-1] Job updated in Queue with job id : 5c233132fa8f9c30a400db271ef223c6 to RUNNING
2021-06-18 21:22:38,576 INFO c.p.a.s.DataServicer [scheduling-1] Job updated in Queue with job id : 5c233132fa8f9c30a400db271ef223c6 to SUCCESS
2021-06-18 21:22:41,102 INFO c.p.a.s.DataServicer [scheduling-1] Job updated in Queue with job id : 26c4bce94658b308dc79d3d637fc6413
2021-06-18 21:22:41,103 INFO c.p.a.s.DataServicer [scheduling-1] Job updated in Queue with job id : 26c4bce94658b308dc79d3d637fc6413 to RUNNING
2021-06-18 21:22:41,406 INFO c.p.a.s.DataServicer [scheduling-1] Job updated in Queue with job id : 26c4bce94658b308dc79d3d637fc6413 to SUCCESS
2021-06-18 21:22:46,103 INFO c.p.a.s.DataServicer [scheduling-1] Job updated in Queue with job id : 179b8584cda8c62bcc85fb32c9fa67c4
2021-06-18 21:22:46,105 INFO c.p.a.s.DataServicer [scheduling-1] Job added to the Later Queue with job id : 179b8584cda8c62bcc85fb32c9fa67c4
2021-06-18 21:22:46,106 INFO c.p.a.s.DataServicer [scheduling-1] Job updated in Queue with job id : 179b8584cda8c62bcc85fb32c9fa67c4 to RUNNING
2021-06-18 21:22:46,624 INFO c.p.a.s.DataServicer [scheduling-1] Job updated in Queue with job id : 179b8584cda8c62bcc85fb32c9fa67c4 to SUCCESS
2021-06-18 21:22:46,626 INFO c.p.a.s.DataServicer [scheduling-1] Job removed from later Queue with job id : 179b8584cda8c62bcc85fb32c9fa67c4
