2021-06-21 19:47:25,125 INFO o.s.b.StartupInfoLogger [main] Starting JobMgtSvcApp using Java 1.8.0_265 on WEIN00146M.local with PID 25492 (/Users/vkoneri/eclipse-workspace/JobManagementSvc/target/classes started by vkoneri in /Users/vkoneri/eclipse-workspace/JobManagementSvc)
2021-06-21 19:47:25,133 INFO o.s.b.SpringApplication [main] No active profile set, falling back to default profiles: default
2021-06-21 19:47:25,553 INFO o.s.d.r.c.RepositoryConfigurationDelegate [main] Bootstrapping Spring Data JPA repositories in DEFAULT mode.
2021-06-21 19:47:25,565 INFO o.s.d.r.c.RepositoryConfigurationDelegate [main] Finished Spring Data repository scanning in 5 ms. Found 0 JPA repository interfaces.
2021-06-21 19:47:25,937 INFO o.s.b.w.e.t.TomcatWebServer [main] Tomcat initialized with port(s): 9091 (http)
2021-06-21 19:47:25,942 INFO o.a.j.l.DirectJDKLog [main] Initializing ProtocolHandler ["http-nio-9091"]
2021-06-21 19:47:25,943 INFO o.a.j.l.DirectJDKLog [main] Starting service [Tomcat]
2021-06-21 19:47:25,943 INFO o.a.j.l.DirectJDKLog [main] Starting Servlet engine: [Apache Tomcat/9.0.46]
2021-06-21 19:47:25,989 INFO o.a.j.l.DirectJDKLog [main] Initializing Spring embedded WebApplicationContext
2021-06-21 19:47:25,989 INFO o.s.b.w.s.c.ServletWebServerApplicationContext [main] Root WebApplicationContext: initialization completed in 812 ms
2021-06-21 19:47:26,016 INFO c.z.h.HikariDataSource [main] HikariPool-1 - Starting...
2021-06-21 19:47:26,087 INFO c.z.h.HikariDataSource [main] HikariPool-1 - Start completed.
2021-06-21 19:47:26,091 INFO o.s.b.a.h.H2ConsoleAutoConfiguration [main] H2 console available at '/h2-console'. Database available at 'jdbc:h2:mem:jobsdb'
2021-06-21 19:47:26,220 INFO o.h.j.i.u.LogHelper [main] HHH000204: Processing PersistenceUnitInfo [name: default]
2021-06-21 19:47:26,249 INFO o.h.Version [main] HHH000412: Hibernate ORM core version 5.4.31.Final
2021-06-21 19:47:26,324 INFO o.h.a.c.r.j.JavaReflectionManager [main] HCANN000001: Hibernate Commons Annotations {5.1.2.Final}
2021-06-21 19:47:26,385 INFO o.h.d.Dialect [main] HHH000400: Using dialect: org.hibernate.dialect.H2Dialect
2021-06-21 19:47:26,499 INFO o.h.e.t.j.p.i.JtaPlatformInitiator [main] HHH000490: Using JtaPlatform implementation: [org.hibernate.engine.transaction.jta.platform.internal.NoJtaPlatform]
2021-06-21 19:47:26,506 INFO o.s.o.j.AbstractEntityManagerFactoryBean [main] Initialized JPA EntityManagerFactory for persistence unit 'default'
2021-06-21 19:47:26,550 WARN o.s.b.a.o.j.JpaBaseConfiguration$JpaWebConfiguration [main] spring.jpa.open-in-view is enabled by default. Therefore, database queries may be performed during view rendering. Explicitly configure spring.jpa.open-in-view to disable this warning
2021-06-21 19:47:26,779 INFO o.a.j.l.DirectJDKLog [main] Starting ProtocolHandler ["http-nio-9091"]
2021-06-21 19:47:26,796 INFO o.s.b.w.e.t.TomcatWebServer [main] Tomcat started on port(s): 9091 (http) with context path ''
2021-06-21 19:47:26,803 INFO c.p.a.s.JobScheduler [scheduling-1] No jobs to run in the queue
2021-06-21 19:47:26,804 INFO o.s.b.StartupInfoLogger [main] Started JobMgtSvcApp in 1.975 seconds (JVM running for 2.581)
2021-06-21 19:47:26,805 INFO o.s.b.a.ApplicationAvailabilityBean [main] Application availability state LivenessState changed to CORRECT
2021-06-21 19:47:31,806 INFO c.p.a.s.JobScheduler [scheduling-1] No jobs to run in the queue
2021-06-21 19:47:34,720 INFO c.p.a.s.DataServicer [main] Job added to the Queue with job id : 179b8584cda8c62bcc85fb32c9fa67c4
2021-06-21 19:47:34,721 INFO c.p.a.s.DataServicer [main] Job added to the Queue with job id : 38647bfe4ba9ebbfa6f46a2fb601ee1f
2021-06-21 19:47:34,721 INFO c.p.a.s.DataServicer [main] Job added to the Queue with job id : 5c233132fa8f9c30a400db271ef223c6
2021-06-21 19:47:36,810 INFO c.p.a.s.DataServicer [scheduling-1] Job updated in Queue with job id : 5c233132fa8f9c30a400db271ef223c6
2021-06-21 19:47:36,812 INFO c.p.a.s.DataServicer [scheduling-1] Job updated in Queue with job id : 5c233132fa8f9c30a400db271ef223c6 to RUNNING
2021-06-21 19:47:38,301 INFO c.p.a.e.PythonEngine [scheduling-1] Output for Job Id 5c233132fa8f9c30a400db271ef223c6 : 400

2021-06-21 19:47:38,301 INFO c.p.a.s.DataServicer [scheduling-1] Job updated in Queue with job id : 5c233132fa8f9c30a400db271ef223c6 to SUCCESS
2021-06-21 19:47:41,806 INFO c.p.a.s.DataServicer [scheduling-1] Job updated in Queue with job id : 38647bfe4ba9ebbfa6f46a2fb601ee1f
2021-06-21 19:47:41,807 INFO c.p.a.s.DataServicer [scheduling-1] Job updated in Queue with job id : 38647bfe4ba9ebbfa6f46a2fb601ee1f to RUNNING
2021-06-21 19:47:41,853 WARN c.p.a.s.JobScheduler [scheduling-1] job failed due to : org.mozilla.javascript.EcmaError: TypeError: Cannot find function println in object . (print#7) in print at line number 7
2021-06-21 19:47:41,854 INFO c.p.a.s.DataServicer [scheduling-1] Job updated in Queue with job id : 38647bfe4ba9ebbfa6f46a2fb601ee1f to FAILED
2021-06-21 19:47:46,803 INFO c.p.a.s.DataServicer [scheduling-1] Job updated in Queue with job id : 179b8584cda8c62bcc85fb32c9fa67c4
2021-06-21 19:47:46,805 INFO c.p.a.s.DataServicer [scheduling-1] Job added to the Later Queue with job id : 179b8584cda8c62bcc85fb32c9fa67c4
2021-06-21 19:47:46,806 INFO c.p.a.s.DataServicer [scheduling-1] Job updated in Queue with job id : 179b8584cda8c62bcc85fb32c9fa67c4 to RUNNING
2021-06-21 19:47:47,288 INFO c.p.a.e.PythonEngine [scheduling-1] Output for Job Id 179b8584cda8c62bcc85fb32c9fa67c4 : 400

2021-06-21 19:47:47,289 INFO c.p.a.s.DataServicer [scheduling-1] Job updated in Queue with job id : 179b8584cda8c62bcc85fb32c9fa67c4 to SUCCESS
2021-06-21 19:47:47,291 INFO c.p.a.s.DataServicer [scheduling-1] Job removed from later Queue with job id : 179b8584cda8c62bcc85fb32c9fa67c4
2021-06-21 19:47:51,805 INFO c.p.a.s.JobScheduler [scheduling-1] No jobs to run in the queue
2021-06-21 19:47:56,806 INFO c.p.a.s.JobScheduler [scheduling-1] No jobs to run in the queue
2021-06-21 19:48:01,803 INFO c.p.a.s.JobScheduler [scheduling-1] No jobs to run in the queue
2021-06-21 19:48:06,808 INFO c.p.a.s.JobScheduler [scheduling-1] No jobs to run in the queue
2021-06-21 19:48:11,804 INFO c.p.a.s.JobScheduler [scheduling-1] No jobs to run in the queue
2021-06-21 19:48:16,808 INFO c.p.a.s.JobScheduler [scheduling-1] No jobs to run in the queue
2021-06-21 19:48:21,804 INFO c.p.a.s.JobScheduler [scheduling-1] No jobs to run in the queue
2021-06-21 19:48:26,806 INFO c.p.a.s.JobScheduler [scheduling-1] No jobs to run in the queue
2021-06-21 19:48:31,803 INFO c.p.a.s.JobScheduler [scheduling-1] No jobs to run in the queue
2021-06-21 19:48:36,808 INFO c.p.a.s.JobScheduler [scheduling-1] No jobs to run in the queue
2021-06-21 19:48:37,771 INFO o.s.b.a.ApplicationAvailabilityBean [SpringContextShutdownHook] Application availability state ReadinessState changed to REFUSING_TRAFFIC
