2021-06-21 19:53:31,699 INFO o.s.b.StartupInfoLogger [main] Starting JobMgtSvcApp using Java 1.8.0_265 on WEIN00146M.local with PID 25611 (/Users/vkoneri/eclipse-workspace/JobManagementSvc/target/classes started by vkoneri in /Users/vkoneri/eclipse-workspace/JobManagementSvc)
2021-06-21 19:53:31,707 INFO o.s.b.SpringApplication [main] No active profile set, falling back to default profiles: default
2021-06-21 19:53:32,255 INFO o.s.d.r.c.RepositoryConfigurationDelegate [main] Bootstrapping Spring Data JPA repositories in DEFAULT mode.
2021-06-21 19:53:32,273 INFO o.s.d.r.c.RepositoryConfigurationDelegate [main] Finished Spring Data repository scanning in 7 ms. Found 0 JPA repository interfaces.
2021-06-21 19:53:32,840 INFO o.s.b.w.e.t.TomcatWebServer [main] Tomcat initialized with port(s): 9091 (http)
2021-06-21 19:53:32,850 INFO o.a.j.l.DirectJDKLog [main] Initializing ProtocolHandler ["http-nio-9091"]
2021-06-21 19:53:32,851 INFO o.a.j.l.DirectJDKLog [main] Starting service [Tomcat]
2021-06-21 19:53:32,851 INFO o.a.j.l.DirectJDKLog [main] Starting Servlet engine: [Apache Tomcat/9.0.46]
2021-06-21 19:53:32,922 INFO o.a.j.l.DirectJDKLog [main] Initializing Spring embedded WebApplicationContext
2021-06-21 19:53:32,922 INFO o.s.b.w.s.c.ServletWebServerApplicationContext [main] Root WebApplicationContext: initialization completed in 1171 ms
2021-06-21 19:53:32,954 INFO c.z.h.HikariDataSource [main] HikariPool-1 - Starting...
2021-06-21 19:53:33,127 INFO c.z.h.HikariDataSource [main] HikariPool-1 - Start completed.
2021-06-21 19:53:33,136 INFO o.s.b.a.h.H2ConsoleAutoConfiguration [main] H2 console available at '/h2-console'. Database available at 'jdbc:h2:mem:jobsdb'
2021-06-21 19:53:33,303 INFO o.h.j.i.u.LogHelper [main] HHH000204: Processing PersistenceUnitInfo [name: default]
2021-06-21 19:53:33,375 INFO o.h.Version [main] HHH000412: Hibernate ORM core version 5.4.31.Final
2021-06-21 19:53:33,554 INFO o.h.a.c.r.j.JavaReflectionManager [main] HCANN000001: Hibernate Commons Annotations {5.1.2.Final}
2021-06-21 19:53:33,671 INFO o.h.d.Dialect [main] HHH000400: Using dialect: org.hibernate.dialect.H2Dialect
2021-06-21 19:53:33,927 INFO o.h.e.t.j.p.i.JtaPlatformInitiator [main] HHH000490: Using JtaPlatform implementation: [org.hibernate.engine.transaction.jta.platform.internal.NoJtaPlatform]
2021-06-21 19:53:33,939 INFO o.s.o.j.AbstractEntityManagerFactoryBean [main] Initialized JPA EntityManagerFactory for persistence unit 'default'
2021-06-21 19:53:34,010 WARN o.s.b.a.o.j.JpaBaseConfiguration$JpaWebConfiguration [main] spring.jpa.open-in-view is enabled by default. Therefore, database queries may be performed during view rendering. Explicitly configure spring.jpa.open-in-view to disable this warning
2021-06-21 19:53:34,394 INFO o.a.j.l.DirectJDKLog [main] Starting ProtocolHandler ["http-nio-9091"]
2021-06-21 19:53:34,410 WARN o.s.c.s.AbstractApplicationContext [main] Exception encountered during context initialization - cancelling refresh attempt: org.springframework.context.ApplicationContextException: Failed to start bean 'webServerStartStop'; nested exception is org.springframework.boot.web.server.PortInUseException: Port 9091 is already in use
2021-06-21 19:53:34,412 INFO o.s.o.j.AbstractEntityManagerFactoryBean [main] Closing JPA EntityManagerFactory for persistence unit 'default'
2021-06-21 19:53:34,412 INFO o.h.t.s.i.SchemaDropperImpl$DelayedDropActionImpl [main] HHH000477: Starting delayed evictData of schema as part of SessionFactory shut-down'
2021-06-21 19:53:34,414 INFO c.z.h.HikariDataSource [main] HikariPool-1 - Shutdown initiated...
2021-06-21 19:53:34,416 INFO c.z.h.HikariDataSource [main] HikariPool-1 - Shutdown completed.
2021-06-21 19:53:34,417 INFO o.a.j.l.DirectJDKLog [main] Pausing ProtocolHandler ["http-nio-9091"]
2021-06-21 19:53:34,417 INFO o.a.j.l.DirectJDKLog [main] Stopping service [Tomcat]
2021-06-21 19:53:34,421 INFO o.a.j.l.DirectJDKLog [main] Stopping ProtocolHandler ["http-nio-9091"]
2021-06-21 19:53:34,421 INFO o.a.j.l.DirectJDKLog [main] Destroying ProtocolHandler ["http-nio-9091"]
2021-06-21 19:53:34,427 INFO o.s.b.a.l.ConditionEvaluationReportLoggingListener [main] 

Error starting ApplicationContext. To display the conditions report re-run your application with 'debug' enabled.
2021-06-21 19:53:34,442 ERROR o.s.b.d.LoggingFailureAnalysisReporter [main] 

***************************
APPLICATION FAILED TO START
***************************

Description:

Web server failed to start. Port 9091 was already in use.

Action:

Identify and stop the process that's listening on port 9091 or configure this application to listen on another port.

