2021-06-18 21:21:56,182 INFO o.s.b.StartupInfoLogger [main] Starting JobMgtSvcApp using Java 1.8.0_265 on WEIN00146M.local with PID 91259 (/Users/vkoneri/eclipse-workspace/JobManagementSvc/target/classes started by vkoneri in /Users/vkoneri/eclipse-workspace/JobManagementSvc)
2021-06-18 21:21:56,192 INFO o.s.b.SpringApplication [main] No active profile set, falling back to default profiles: default
2021-06-18 21:21:56,922 INFO o.s.d.r.c.RepositoryConfigurationDelegate [main] Bootstrapping Spring Data JPA repositories in DEFAULT mode.
2021-06-18 21:21:56,944 INFO o.s.d.r.c.RepositoryConfigurationDelegate [main] Finished Spring Data repository scanning in 8 ms. Found 0 JPA repository interfaces.
2021-06-18 21:21:57,577 INFO o.s.b.w.e.t.TomcatWebServer [main] Tomcat initialized with port(s): 9091 (http)
2021-06-18 21:21:57,590 INFO o.a.j.l.DirectJDKLog [main] Initializing ProtocolHandler ["http-nio-9091"]
2021-06-18 21:21:57,591 INFO o.a.j.l.DirectJDKLog [main] Starting service [Tomcat]
2021-06-18 21:21:57,591 INFO o.a.j.l.DirectJDKLog [main] Starting Servlet engine: [Apache Tomcat/9.0.46]
2021-06-18 21:21:57,670 INFO o.a.j.l.DirectJDKLog [main] Initializing Spring embedded WebApplicationContext
2021-06-18 21:21:57,670 INFO o.s.b.w.s.c.ServletWebServerApplicationContext [main] Root WebApplicationContext: initialization completed in 1427 ms
2021-06-18 21:21:57,714 INFO c.z.h.HikariDataSource [main] HikariPool-1 - Starting...
2021-06-18 21:21:57,980 INFO c.z.h.HikariDataSource [main] HikariPool-1 - Start completed.
2021-06-18 21:21:57,993 INFO o.s.b.a.h.H2ConsoleAutoConfiguration [main] H2 console available at '/h2-console'. Database available at 'jdbc:h2:mem:jobsdb'
2021-06-18 21:21:58,208 INFO o.h.j.i.u.LogHelper [main] HHH000204: Processing PersistenceUnitInfo [name: default]
2021-06-18 21:21:58,277 INFO o.h.Version [main] HHH000412: Hibernate ORM core version 5.4.31.Final
2021-06-18 21:21:58,463 INFO o.h.a.c.r.j.JavaReflectionManager [main] HCANN000001: Hibernate Commons Annotations {5.1.2.Final}
2021-06-18 21:21:58,610 INFO o.h.d.Dialect [main] HHH000400: Using dialect: org.hibernate.dialect.H2Dialect
2021-06-18 21:21:58,936 INFO o.h.e.t.j.p.i.JtaPlatformInitiator [main] HHH000490: Using JtaPlatform implementation: [org.hibernate.engine.transaction.jta.platform.internal.NoJtaPlatform]
2021-06-18 21:21:58,949 INFO o.s.o.j.AbstractEntityManagerFactoryBean [main] Initialized JPA EntityManagerFactory for persistence unit 'default'
2021-06-18 21:21:59,041 WARN o.s.b.a.o.j.JpaBaseConfiguration$JpaWebConfiguration [main] spring.jpa.open-in-view is enabled by default. Therefore, database queries may be performed during view rendering. Explicitly configure spring.jpa.open-in-view to disable this warning
2021-06-18 21:21:59,510 INFO o.a.j.l.DirectJDKLog [main] Starting ProtocolHandler ["http-nio-9091"]
2021-06-18 21:21:59,546 INFO o.s.b.w.e.t.TomcatWebServer [main] Tomcat started on port(s): 9091 (http) with context path ''
2021-06-18 21:21:59,555 INFO c.p.a.s.JobScheduler [scheduling-1] No jobs to run in the queue
2021-06-18 21:21:59,559 INFO o.s.b.StartupInfoLogger [main] Started JobMgtSvcApp in 4.033 seconds (JVM running for 5.195)
2021-06-18 21:21:59,560 INFO o.s.b.a.ApplicationAvailabilityBean [main] Application availability state LivenessState changed to CORRECT
2021-06-18 21:22:04,556 INFO c.p.a.s.JobScheduler [scheduling-1] No jobs to run in the queue
2021-06-18 21:22:09,557 INFO c.p.a.s.JobScheduler [scheduling-1] No jobs to run in the queue
2021-06-18 21:22:14,559 INFO c.p.a.s.JobScheduler [scheduling-1] No jobs to run in the queue
2021-06-18 21:22:19,556 INFO c.p.a.s.JobScheduler [scheduling-1] No jobs to run in the queue
