2021-06-21 17:38:31,767 INFO o.s.b.StartupInfoLogger [main] Starting JobMgtSvcApp using Java 1.8.0_265 on WEIN00146M.local with PID 22718 (/Users/vkoneri/eclipse-workspace/JobManagementSvc/target/classes started by vkoneri in /Users/vkoneri/eclipse-workspace/JobManagementSvc)
2021-06-21 17:38:31,776 INFO o.s.b.SpringApplication [main] No active profile set, falling back to default profiles: default
2021-06-21 17:38:32,371 INFO o.s.d.r.c.RepositoryConfigurationDelegate [main] Bootstrapping Spring Data JPA repositories in DEFAULT mode.
2021-06-21 17:38:32,386 INFO o.s.d.r.c.RepositoryConfigurationDelegate [main] Finished Spring Data repository scanning in 6 ms. Found 0 JPA repository interfaces.
2021-06-21 17:38:32,878 INFO o.s.b.w.e.t.TomcatWebServer [main] Tomcat initialized with port(s): 9091 (http)
2021-06-21 17:38:32,887 INFO o.a.j.l.DirectJDKLog [main] Initializing ProtocolHandler ["http-nio-9091"]
2021-06-21 17:38:32,888 INFO o.a.j.l.DirectJDKLog [main] Starting service [Tomcat]
2021-06-21 17:38:32,888 INFO o.a.j.l.DirectJDKLog [main] Starting Servlet engine: [Apache Tomcat/9.0.46]
2021-06-21 17:38:32,952 INFO o.a.j.l.DirectJDKLog [main] Initializing Spring embedded WebApplicationContext
2021-06-21 17:38:32,952 INFO o.s.b.w.s.c.ServletWebServerApplicationContext [main] Root WebApplicationContext: initialization completed in 1135 ms
2021-06-21 17:38:32,985 INFO c.z.h.HikariDataSource [main] HikariPool-1 - Starting...
2021-06-21 17:38:33,166 INFO c.z.h.HikariDataSource [main] HikariPool-1 - Start completed.
2021-06-21 17:38:33,176 INFO o.s.b.a.h.H2ConsoleAutoConfiguration [main] H2 console available at '/h2-console'. Database available at 'jdbc:h2:mem:jobsdb'
2021-06-21 17:38:33,336 INFO o.h.j.i.u.LogHelper [main] HHH000204: Processing PersistenceUnitInfo [name: default]
2021-06-21 17:38:33,402 INFO o.h.Version [main] HHH000412: Hibernate ORM core version 5.4.31.Final
2021-06-21 17:38:33,549 INFO o.h.a.c.r.j.JavaReflectionManager [main] HCANN000001: Hibernate Commons Annotations {5.1.2.Final}
2021-06-21 17:38:33,666 INFO o.h.d.Dialect [main] HHH000400: Using dialect: org.hibernate.dialect.H2Dialect
2021-06-21 17:38:33,899 INFO o.h.e.t.j.p.i.JtaPlatformInitiator [main] HHH000490: Using JtaPlatform implementation: [org.hibernate.engine.transaction.jta.platform.internal.NoJtaPlatform]
2021-06-21 17:38:33,909 INFO o.s.o.j.AbstractEntityManagerFactoryBean [main] Initialized JPA EntityManagerFactory for persistence unit 'default'
2021-06-21 17:38:33,970 WARN o.s.b.a.o.j.JpaBaseConfiguration$JpaWebConfiguration [main] spring.jpa.open-in-view is enabled by default. Therefore, database queries may be performed during view rendering. Explicitly configure spring.jpa.open-in-view to disable this warning
2021-06-21 17:38:34,335 INFO o.a.j.l.DirectJDKLog [main] Starting ProtocolHandler ["http-nio-9091"]
2021-06-21 17:38:34,360 INFO o.s.b.w.e.t.TomcatWebServer [main] Tomcat started on port(s): 9091 (http) with context path ''
2021-06-21 17:38:34,371 INFO c.p.a.s.JobScheduler [scheduling-1] No jobs to run in the queue
2021-06-21 17:38:34,373 INFO o.s.b.StartupInfoLogger [main] Started JobMgtSvcApp in 3.099 seconds (JVM running for 4.477)
2021-06-21 17:38:34,374 INFO o.s.b.a.ApplicationAvailabilityBean [main] Application availability state LivenessState changed to CORRECT
2021-06-21 17:38:39,371 INFO c.p.a.s.JobScheduler [scheduling-1] No jobs to run in the queue
2021-06-21 17:38:44,371 INFO c.p.a.s.JobScheduler [scheduling-1] No jobs to run in the queue
2021-06-21 17:38:49,373 INFO c.p.a.s.JobScheduler [scheduling-1] No jobs to run in the queue
2021-06-21 17:38:54,371 INFO c.p.a.s.JobScheduler [scheduling-1] No jobs to run in the queue
2021-06-21 17:38:59,374 INFO c.p.a.s.JobScheduler [scheduling-1] No jobs to run in the queue
2021-06-21 17:38:59,656 INFO c.p.a.s.DataServicer [main] Job added to the Queue with job id : 1074b270ba9f6edbdc097d99dd4b7f68
2021-06-21 17:39:04,379 INFO c.p.a.s.DataServicer [scheduling-1] Job updated in Queue with job id : 1074b270ba9f6edbdc097d99dd4b7f68
2021-06-21 17:39:04,380 INFO c.p.a.s.DataServicer [scheduling-1] Job updated in Queue with job id : 1074b270ba9f6edbdc097d99dd4b7f68 to RUNNING
2021-06-21 17:39:06,557 INFO c.p.a.e.PythonEngine [scheduling-1] Output for Job Id 1074b270ba9f6edbdc097d99dd4b7f68 : 400

2021-06-21 17:39:06,559 INFO c.p.a.s.DataServicer [scheduling-1] Job updated in Queue with job id : 1074b270ba9f6edbdc097d99dd4b7f68 to SUCCESS
2021-06-21 17:39:09,374 INFO c.p.a.s.JobScheduler [scheduling-1] No jobs to run in the queue
2021-06-21 17:39:14,370 INFO c.p.a.s.JobScheduler [scheduling-1] No jobs to run in the queue
2021-06-21 17:39:19,372 INFO c.p.a.s.JobScheduler [scheduling-1] No jobs to run in the queue
2021-06-21 17:39:24,371 INFO c.p.a.s.JobScheduler [scheduling-1] No jobs to run in the queue
2021-06-21 17:39:29,373 INFO c.p.a.s.JobScheduler [scheduling-1] No jobs to run in the queue
2021-06-21 17:39:32,855 INFO c.p.a.s.DataServicer [main] Job added to the Queue with job id : 179b8584cda8c62bcc85fb32c9fa67c4
2021-06-21 17:39:32,856 INFO c.p.a.s.DataServicer [main] Job added to the Queue with job id : 26c4bce94658b308dc79d3d637fc6413
2021-06-21 17:39:32,856 INFO c.p.a.s.DataServicer [main] Job added to the Queue with job id : 5c233132fa8f9c30a400db271ef223c6
2021-06-21 17:39:34,372 INFO c.p.a.s.DataServicer [scheduling-1] Job updated in Queue with job id : 5c233132fa8f9c30a400db271ef223c6
2021-06-21 17:39:34,373 INFO c.p.a.s.DataServicer [scheduling-1] Job updated in Queue with job id : 5c233132fa8f9c30a400db271ef223c6 to RUNNING
2021-06-21 17:39:34,826 INFO c.p.a.e.PythonEngine [scheduling-1] Output for Job Id 5c233132fa8f9c30a400db271ef223c6 : 400

2021-06-21 17:39:34,827 INFO c.p.a.s.DataServicer [scheduling-1] Job updated in Queue with job id : 5c233132fa8f9c30a400db271ef223c6 to SUCCESS
2021-06-21 17:39:39,372 INFO c.p.a.s.DataServicer [scheduling-1] Job updated in Queue with job id : 26c4bce94658b308dc79d3d637fc6413
2021-06-21 17:39:39,373 INFO c.p.a.s.DataServicer [scheduling-1] Job updated in Queue with job id : 26c4bce94658b308dc79d3d637fc6413 to RUNNING
2021-06-21 17:39:39,668 INFO c.p.a.e.JavascriptEngine [scheduling-1] Output for Job Id 26c4bce94658b308dc79d3d637fc6413 : Hello Payoneer Gang

2021-06-21 17:39:39,669 INFO c.p.a.s.DataServicer [scheduling-1] Job updated in Queue with job id : 26c4bce94658b308dc79d3d637fc6413 to SUCCESS
2021-06-21 17:39:44,371 INFO c.p.a.s.DataServicer [scheduling-1] Job updated in Queue with job id : 179b8584cda8c62bcc85fb32c9fa67c4
2021-06-21 17:39:44,373 INFO c.p.a.s.DataServicer [scheduling-1] Job added to the Later Queue with job id : 179b8584cda8c62bcc85fb32c9fa67c4
2021-06-21 17:39:44,374 INFO c.p.a.s.DataServicer [scheduling-1] Job updated in Queue with job id : 179b8584cda8c62bcc85fb32c9fa67c4 to RUNNING
2021-06-21 17:39:44,840 INFO c.p.a.e.PythonEngine [scheduling-1] Output for Job Id 179b8584cda8c62bcc85fb32c9fa67c4 : 400

2021-06-21 17:39:44,841 INFO c.p.a.s.DataServicer [scheduling-1] Job updated in Queue with job id : 179b8584cda8c62bcc85fb32c9fa67c4 to SUCCESS
2021-06-21 17:39:44,841 INFO c.p.a.s.DataServicer [scheduling-1] Job removed from later Queue with job id : 179b8584cda8c62bcc85fb32c9fa67c4
2021-06-21 17:39:49,373 INFO c.p.a.s.JobScheduler [scheduling-1] No jobs to run in the queue
2021-06-21 17:39:54,370 INFO c.p.a.s.JobScheduler [scheduling-1] No jobs to run in the queue
2021-06-21 17:39:59,373 INFO c.p.a.s.JobScheduler [scheduling-1] No jobs to run in the queue
2021-06-21 17:40:04,372 INFO c.p.a.s.JobScheduler [scheduling-1] No jobs to run in the queue
2021-06-21 17:40:07,425 INFO o.s.b.a.SpringApplicationAdminMXBeanRegistrar$SpringApplicationAdmin [RMI TCP Connection(2)-127.0.0.1] Application shutdown requested.
2021-06-21 17:40:07,426 INFO o.s.b.a.ApplicationAvailabilityBean [RMI TCP Connection(2)-127.0.0.1] Application availability state ReadinessState changed to REFUSING_TRAFFIC
2021-06-21 17:40:07,451 INFO o.s.o.j.AbstractEntityManagerFactoryBean [RMI TCP Connection(2)-127.0.0.1] Closing JPA EntityManagerFactory for persistence unit 'default'
2021-06-21 17:40:07,452 INFO o.h.t.s.i.SchemaDropperImpl$DelayedDropActionImpl [RMI TCP Connection(2)-127.0.0.1] HHH000477: Starting delayed evictData of schema as part of SessionFactory shut-down'
2021-06-21 17:40:07,454 INFO c.z.h.HikariDataSource [RMI TCP Connection(2)-127.0.0.1] HikariPool-1 - Shutdown initiated...
2021-06-21 17:40:07,456 INFO c.z.h.HikariDataSource [RMI TCP Connection(2)-127.0.0.1] HikariPool-1 - Shutdown completed.
