2021-06-21 19:54:38,193 INFO o.s.b.StartupInfoLogger [main] Starting JobMgtSvcApp using Java 1.8.0_265 on WEIN00146M.local with PID 25659 (/Users/vkoneri/eclipse-workspace/JobManagementSvc/target/classes started by vkoneri in /Users/vkoneri/eclipse-workspace/JobManagementSvc)
2021-06-21 19:54:38,199 INFO o.s.b.SpringApplication [main] No active profile set, falling back to default profiles: default
2021-06-21 19:54:38,630 INFO o.s.d.r.c.RepositoryConfigurationDelegate [main] Bootstrapping Spring Data JPA repositories in DEFAULT mode.
2021-06-21 19:54:38,643 INFO o.s.d.r.c.RepositoryConfigurationDelegate [main] Finished Spring Data repository scanning in 6 ms. Found 0 JPA repository interfaces.
2021-06-21 19:54:39,054 INFO o.s.b.w.e.t.TomcatWebServer [main] Tomcat initialized with port(s): 9091 (http)
2021-06-21 19:54:39,060 INFO o.a.j.l.DirectJDKLog [main] Initializing ProtocolHandler ["http-nio-9091"]
2021-06-21 19:54:39,061 INFO o.a.j.l.DirectJDKLog [main] Starting service [Tomcat]
2021-06-21 19:54:39,061 INFO o.a.j.l.DirectJDKLog [main] Starting Servlet engine: [Apache Tomcat/9.0.46]
2021-06-21 19:54:39,117 INFO o.a.j.l.DirectJDKLog [main] Initializing Spring embedded WebApplicationContext
2021-06-21 19:54:39,117 INFO o.s.b.w.s.c.ServletWebServerApplicationContext [main] Root WebApplicationContext: initialization completed in 884 ms
2021-06-21 19:54:39,150 INFO c.z.h.HikariDataSource [main] HikariPool-1 - Starting...
2021-06-21 19:54:39,245 INFO c.z.h.HikariDataSource [main] HikariPool-1 - Start completed.
2021-06-21 19:54:39,251 INFO o.s.b.a.h.H2ConsoleAutoConfiguration [main] H2 console available at '/h2-console'. Database available at 'jdbc:h2:mem:jobsdb'
2021-06-21 19:54:39,419 INFO o.h.j.i.u.LogHelper [main] HHH000204: Processing PersistenceUnitInfo [name: default]
2021-06-21 19:54:39,457 INFO o.h.Version [main] HHH000412: Hibernate ORM core version 5.4.31.Final
2021-06-21 19:54:39,569 INFO o.h.a.c.r.j.JavaReflectionManager [main] HCANN000001: Hibernate Commons Annotations {5.1.2.Final}
2021-06-21 19:54:39,668 INFO o.h.d.Dialect [main] HHH000400: Using dialect: org.hibernate.dialect.H2Dialect
2021-06-21 19:54:39,852 INFO o.h.e.t.j.p.i.JtaPlatformInitiator [main] HHH000490: Using JtaPlatform implementation: [org.hibernate.engine.transaction.jta.platform.internal.NoJtaPlatform]
2021-06-21 19:54:39,860 INFO o.s.o.j.AbstractEntityManagerFactoryBean [main] Initialized JPA EntityManagerFactory for persistence unit 'default'
2021-06-21 19:54:39,914 WARN o.s.b.a.o.j.JpaBaseConfiguration$JpaWebConfiguration [main] spring.jpa.open-in-view is enabled by default. Therefore, database queries may be performed during view rendering. Explicitly configure spring.jpa.open-in-view to disable this warning
2021-06-21 19:54:40,181 INFO o.a.j.l.DirectJDKLog [main] Starting ProtocolHandler ["http-nio-9091"]
2021-06-21 19:54:40,201 INFO o.s.b.w.e.t.TomcatWebServer [main] Tomcat started on port(s): 9091 (http) with context path ''
2021-06-21 19:54:40,210 INFO c.p.a.s.JobScheduler [scheduling-1] No jobs to run in the queue
2021-06-21 19:54:40,211 INFO o.s.b.StartupInfoLogger [main] Started JobMgtSvcApp in 2.353 seconds (JVM running for 2.913)
2021-06-21 19:54:40,212 INFO o.s.b.a.ApplicationAvailabilityBean [main] Application availability state LivenessState changed to CORRECT
2021-06-21 19:54:45,213 INFO c.p.a.s.JobScheduler [scheduling-1] No jobs to run in the queue
2021-06-21 19:54:50,212 INFO c.p.a.s.JobScheduler [scheduling-1] No jobs to run in the queue
2021-06-21 19:54:54,833 INFO c.p.a.s.DataServicer [main] Job added to the Queue with job id : fd0321890128a8aa59542c0f0c5af5bb
2021-06-21 19:54:55,213 INFO c.p.a.s.DataServicer [scheduling-1] Job updated in Queue with job id : fd0321890128a8aa59542c0f0c5af5bb
2021-06-21 19:54:55,214 INFO c.p.a.s.DataServicer [scheduling-1] Job updated in Queue with job id : fd0321890128a8aa59542c0f0c5af5bb to RUNNING
2021-06-21 19:54:55,378 INFO c.p.a.e.JavascriptEngine [scheduling-1] Output for Job Id fd0321890128a8aa59542c0f0c5af5bb : 1100

2021-06-21 19:54:55,379 INFO c.p.a.s.DataServicer [scheduling-1] Job updated in Queue with job id : fd0321890128a8aa59542c0f0c5af5bb to SUCCESS
2021-06-21 19:55:00,213 INFO c.p.a.s.JobScheduler [scheduling-1] No jobs to run in the queue
2021-06-21 19:55:05,210 INFO c.p.a.s.JobScheduler [scheduling-1] No jobs to run in the queue
2021-06-21 19:55:10,213 INFO c.p.a.s.JobScheduler [scheduling-1] No jobs to run in the queue
2021-06-21 19:55:15,210 INFO c.p.a.s.JobScheduler [scheduling-1] No jobs to run in the queue
2021-06-21 19:55:20,213 INFO c.p.a.s.JobScheduler [scheduling-1] No jobs to run in the queue
2021-06-21 19:55:25,213 INFO c.p.a.s.JobScheduler [scheduling-1] No jobs to run in the queue
2021-06-21 19:55:30,213 INFO c.p.a.s.JobScheduler [scheduling-1] No jobs to run in the queue
2021-06-21 19:55:35,212 INFO c.p.a.s.JobScheduler [scheduling-1] No jobs to run in the queue
2021-06-21 19:55:40,212 INFO c.p.a.s.JobScheduler [scheduling-1] No jobs to run in the queue
2021-06-21 19:55:45,214 INFO c.p.a.s.JobScheduler [scheduling-1] No jobs to run in the queue
2021-06-21 19:55:50,210 INFO c.p.a.s.JobScheduler [scheduling-1] No jobs to run in the queue
2021-06-21 19:55:55,213 INFO c.p.a.s.JobScheduler [scheduling-1] No jobs to run in the queue
2021-06-21 19:56:00,209 INFO c.p.a.s.JobScheduler [scheduling-1] No jobs to run in the queue
2021-06-21 19:56:05,210 INFO c.p.a.s.JobScheduler [scheduling-1] No jobs to run in the queue
2021-06-21 19:56:10,213 INFO c.p.a.s.JobScheduler [scheduling-1] No jobs to run in the queue
2021-06-21 19:56:15,213 INFO c.p.a.s.JobScheduler [scheduling-1] No jobs to run in the queue
2021-06-21 19:56:20,213 INFO c.p.a.s.JobScheduler [scheduling-1] No jobs to run in the queue
2021-06-21 19:56:25,210 INFO c.p.a.s.JobScheduler [scheduling-1] No jobs to run in the queue
2021-06-21 19:56:30,209 INFO c.p.a.s.JobScheduler [scheduling-1] No jobs to run in the queue
2021-06-21 19:56:35,212 INFO c.p.a.s.JobScheduler [scheduling-1] No jobs to run in the queue
2021-06-21 19:56:40,213 INFO c.p.a.s.JobScheduler [scheduling-1] No jobs to run in the queue
2021-06-21 19:56:45,212 INFO c.p.a.s.JobScheduler [scheduling-1] No jobs to run in the queue
2021-06-21 19:56:50,212 INFO c.p.a.s.JobScheduler [scheduling-1] No jobs to run in the queue
2021-06-21 19:56:55,210 INFO c.p.a.s.JobScheduler [scheduling-1] No jobs to run in the queue
2021-06-21 19:57:00,210 INFO c.p.a.s.JobScheduler [scheduling-1] No jobs to run in the queue
2021-06-21 19:57:05,211 INFO c.p.a.s.JobScheduler [scheduling-1] No jobs to run in the queue
2021-06-21 19:57:10,212 INFO c.p.a.s.JobScheduler [scheduling-1] No jobs to run in the queue
2021-06-21 19:57:15,209 INFO c.p.a.s.JobScheduler [scheduling-1] No jobs to run in the queue
2021-06-21 19:57:20,211 INFO c.p.a.s.JobScheduler [scheduling-1] No jobs to run in the queue
2021-06-21 19:57:25,210 INFO c.p.a.s.JobScheduler [scheduling-1] No jobs to run in the queue
2021-06-21 19:57:30,209 INFO c.p.a.s.JobScheduler [scheduling-1] No jobs to run in the queue
2021-06-21 19:57:35,215 INFO c.p.a.s.JobScheduler [scheduling-1] No jobs to run in the queue
2021-06-21 19:57:40,213 INFO c.p.a.s.JobScheduler [scheduling-1] No jobs to run in the queue
2021-06-21 19:57:45,213 INFO c.p.a.s.JobScheduler [scheduling-1] No jobs to run in the queue
2021-06-21 19:57:50,212 INFO c.p.a.s.JobScheduler [scheduling-1] No jobs to run in the queue
2021-06-21 19:57:55,210 INFO c.p.a.s.JobScheduler [scheduling-1] No jobs to run in the queue
2021-06-21 19:58:00,213 INFO c.p.a.s.JobScheduler [scheduling-1] No jobs to run in the queue
2021-06-21 19:58:05,210 INFO c.p.a.s.JobScheduler [scheduling-1] No jobs to run in the queue
2021-06-21 19:58:10,213 INFO c.p.a.s.JobScheduler [scheduling-1] No jobs to run in the queue
2021-06-21 19:58:15,210 INFO c.p.a.s.JobScheduler [scheduling-1] No jobs to run in the queue
2021-06-21 19:58:20,213 INFO c.p.a.s.JobScheduler [scheduling-1] No jobs to run in the queue
2021-06-21 19:58:25,212 INFO c.p.a.s.JobScheduler [scheduling-1] No jobs to run in the queue
2021-06-21 19:58:30,209 INFO c.p.a.s.JobScheduler [scheduling-1] No jobs to run in the queue
2021-06-21 19:58:35,213 INFO c.p.a.s.JobScheduler [scheduling-1] No jobs to run in the queue
2021-06-21 19:58:40,213 INFO c.p.a.s.JobScheduler [scheduling-1] No jobs to run in the queue
2021-06-21 19:58:45,210 INFO c.p.a.s.JobScheduler [scheduling-1] No jobs to run in the queue
2021-06-21 19:58:50,210 INFO c.p.a.s.JobScheduler [scheduling-1] No jobs to run in the queue
2021-06-21 19:58:55,210 INFO c.p.a.s.JobScheduler [scheduling-1] No jobs to run in the queue
2021-06-21 19:59:00,209 INFO c.p.a.s.JobScheduler [scheduling-1] No jobs to run in the queue
2021-06-21 19:59:05,210 INFO c.p.a.s.JobScheduler [scheduling-1] No jobs to run in the queue
2021-06-21 19:59:10,213 INFO c.p.a.s.JobScheduler [scheduling-1] No jobs to run in the queue
2021-06-21 19:59:15,214 INFO c.p.a.s.JobScheduler [scheduling-1] No jobs to run in the queue
2021-06-21 19:59:20,212 INFO c.p.a.s.JobScheduler [scheduling-1] No jobs to run in the queue
2021-06-21 19:59:25,214 INFO c.p.a.s.JobScheduler [scheduling-1] No jobs to run in the queue
2021-06-21 19:59:30,214 INFO c.p.a.s.JobScheduler [scheduling-1] No jobs to run in the queue
2021-06-21 19:59:35,214 INFO c.p.a.s.JobScheduler [scheduling-1] No jobs to run in the queue
2021-06-21 19:59:40,212 INFO c.p.a.s.JobScheduler [scheduling-1] No jobs to run in the queue
2021-06-21 19:59:45,209 INFO c.p.a.s.JobScheduler [scheduling-1] No jobs to run in the queue
2021-06-21 19:59:50,210 INFO c.p.a.s.JobScheduler [scheduling-1] No jobs to run in the queue
2021-06-21 19:59:55,211 INFO c.p.a.s.JobScheduler [scheduling-1] No jobs to run in the queue
2021-06-21 20:00:00,213 INFO c.p.a.s.JobScheduler [scheduling-1] No jobs to run in the queue
2021-06-21 20:00:05,212 INFO c.p.a.s.JobScheduler [scheduling-1] No jobs to run in the queue
2021-06-21 20:00:10,211 INFO c.p.a.s.JobScheduler [scheduling-1] No jobs to run in the queue
2021-06-21 20:00:15,212 INFO c.p.a.s.JobScheduler [scheduling-1] No jobs to run in the queue
2021-06-21 20:00:20,213 INFO c.p.a.s.JobScheduler [scheduling-1] No jobs to run in the queue
2021-06-21 20:00:25,209 INFO c.p.a.s.JobScheduler [scheduling-1] No jobs to run in the queue
2021-06-21 20:00:30,212 INFO c.p.a.s.JobScheduler [scheduling-1] No jobs to run in the queue
2021-06-21 20:00:35,214 INFO c.p.a.s.JobScheduler [scheduling-1] No jobs to run in the queue
2021-06-21 20:00:40,209 INFO c.p.a.s.JobScheduler [scheduling-1] No jobs to run in the queue
2021-06-21 20:00:45,213 INFO c.p.a.s.JobScheduler [scheduling-1] No jobs to run in the queue
2021-06-21 20:00:50,214 INFO c.p.a.s.JobScheduler [scheduling-1] No jobs to run in the queue
2021-06-21 20:00:55,210 INFO c.p.a.s.JobScheduler [scheduling-1] No jobs to run in the queue
2021-06-21 20:01:00,212 INFO c.p.a.s.JobScheduler [scheduling-1] No jobs to run in the queue
2021-06-21 20:01:05,214 INFO c.p.a.s.JobScheduler [scheduling-1] No jobs to run in the queue
2021-06-21 20:01:10,213 INFO c.p.a.s.JobScheduler [scheduling-1] No jobs to run in the queue
2021-06-21 20:01:15,214 INFO c.p.a.s.JobScheduler [scheduling-1] No jobs to run in the queue
2021-06-21 20:01:20,210 INFO c.p.a.s.JobScheduler [scheduling-1] No jobs to run in the queue
2021-06-21 20:01:25,210 INFO c.p.a.s.JobScheduler [scheduling-1] No jobs to run in the queue
2021-06-21 20:01:30,210 INFO c.p.a.s.JobScheduler [scheduling-1] No jobs to run in the queue
2021-06-21 20:01:35,210 INFO c.p.a.s.JobScheduler [scheduling-1] No jobs to run in the queue
2021-06-21 20:01:40,213 INFO c.p.a.s.JobScheduler [scheduling-1] No jobs to run in the queue
2021-06-21 20:01:45,210 INFO c.p.a.s.JobScheduler [scheduling-1] No jobs to run in the queue
2021-06-21 20:01:50,211 INFO c.p.a.s.JobScheduler [scheduling-1] No jobs to run in the queue
2021-06-21 20:01:55,209 INFO c.p.a.s.JobScheduler [scheduling-1] No jobs to run in the queue
2021-06-21 20:02:00,213 INFO c.p.a.s.JobScheduler [scheduling-1] No jobs to run in the queue
2021-06-21 20:02:05,211 INFO c.p.a.s.JobScheduler [scheduling-1] No jobs to run in the queue
2021-06-21 20:02:10,214 INFO c.p.a.s.JobScheduler [scheduling-1] No jobs to run in the queue
2021-06-21 20:02:15,213 INFO c.p.a.s.JobScheduler [scheduling-1] No jobs to run in the queue
2021-06-21 20:02:20,209 INFO c.p.a.s.JobScheduler [scheduling-1] No jobs to run in the queue
2021-06-21 20:02:25,209 INFO c.p.a.s.JobScheduler [scheduling-1] No jobs to run in the queue
2021-06-21 20:02:30,214 INFO c.p.a.s.JobScheduler [scheduling-1] No jobs to run in the queue
2021-06-21 20:02:35,214 INFO c.p.a.s.JobScheduler [scheduling-1] No jobs to run in the queue
2021-06-21 20:02:40,212 INFO c.p.a.s.JobScheduler [scheduling-1] No jobs to run in the queue
2021-06-21 20:02:45,214 INFO c.p.a.s.JobScheduler [scheduling-1] No jobs to run in the queue
2021-06-21 20:02:50,209 INFO c.p.a.s.JobScheduler [scheduling-1] No jobs to run in the queue
2021-06-21 20:02:55,210 INFO c.p.a.s.JobScheduler [scheduling-1] No jobs to run in the queue
2021-06-21 20:03:00,211 INFO c.p.a.s.JobScheduler [scheduling-1] No jobs to run in the queue
2021-06-21 20:03:05,210 INFO c.p.a.s.JobScheduler [scheduling-1] No jobs to run in the queue
2021-06-21 20:03:10,214 INFO c.p.a.s.JobScheduler [scheduling-1] No jobs to run in the queue
2021-06-21 20:03:15,209 INFO c.p.a.s.JobScheduler [scheduling-1] No jobs to run in the queue
2021-06-21 20:03:20,211 INFO c.p.a.s.JobScheduler [scheduling-1] No jobs to run in the queue
2021-06-21 20:03:25,210 INFO c.p.a.s.JobScheduler [scheduling-1] No jobs to run in the queue
2021-06-21 20:03:30,213 INFO c.p.a.s.JobScheduler [scheduling-1] No jobs to run in the queue
2021-06-21 20:03:35,210 INFO c.p.a.s.JobScheduler [scheduling-1] No jobs to run in the queue
2021-06-21 20:03:40,212 INFO c.p.a.s.JobScheduler [scheduling-1] No jobs to run in the queue
2021-06-21 20:03:45,214 INFO c.p.a.s.JobScheduler [scheduling-1] No jobs to run in the queue
2021-06-21 20:03:50,214 INFO c.p.a.s.JobScheduler [scheduling-1] No jobs to run in the queue
2021-06-21 20:03:55,211 INFO c.p.a.s.JobScheduler [scheduling-1] No jobs to run in the queue
2021-06-21 20:04:00,214 INFO c.p.a.s.JobScheduler [scheduling-1] No jobs to run in the queue
2021-06-21 20:04:05,213 INFO c.p.a.s.JobScheduler [scheduling-1] No jobs to run in the queue
2021-06-21 20:04:10,212 INFO c.p.a.s.JobScheduler [scheduling-1] No jobs to run in the queue
2021-06-21 20:04:15,210 INFO c.p.a.s.JobScheduler [scheduling-1] No jobs to run in the queue
2021-06-21 20:04:20,211 INFO c.p.a.s.JobScheduler [scheduling-1] No jobs to run in the queue
2021-06-21 20:04:25,212 INFO c.p.a.s.JobScheduler [scheduling-1] No jobs to run in the queue
2021-06-21 20:04:30,213 INFO c.p.a.s.JobScheduler [scheduling-1] No jobs to run in the queue
2021-06-21 20:04:35,214 INFO c.p.a.s.JobScheduler [scheduling-1] No jobs to run in the queue
2021-06-21 20:04:40,213 INFO c.p.a.s.JobScheduler [scheduling-1] No jobs to run in the queue
2021-06-21 20:04:45,213 INFO c.p.a.s.JobScheduler [scheduling-1] No jobs to run in the queue
2021-06-21 20:04:50,210 INFO c.p.a.s.JobScheduler [scheduling-1] No jobs to run in the queue
2021-06-21 20:04:55,210 INFO c.p.a.s.JobScheduler [scheduling-1] No jobs to run in the queue
2021-06-21 20:05:00,209 INFO c.p.a.s.JobScheduler [scheduling-1] No jobs to run in the queue
2021-06-21 20:05:05,210 INFO c.p.a.s.JobScheduler [scheduling-1] No jobs to run in the queue
2021-06-21 20:05:10,212 INFO c.p.a.s.JobScheduler [scheduling-1] No jobs to run in the queue
2021-06-21 20:05:15,214 INFO c.p.a.s.JobScheduler [scheduling-1] No jobs to run in the queue
2021-06-21 20:05:20,213 INFO c.p.a.s.JobScheduler [scheduling-1] No jobs to run in the queue
2021-06-21 20:05:25,209 INFO c.p.a.s.JobScheduler [scheduling-1] No jobs to run in the queue
2021-06-21 20:05:30,211 INFO c.p.a.s.JobScheduler [scheduling-1] No jobs to run in the queue
2021-06-21 20:05:35,209 INFO c.p.a.s.JobScheduler [scheduling-1] No jobs to run in the queue
2021-06-21 20:05:40,213 INFO c.p.a.s.JobScheduler [scheduling-1] No jobs to run in the queue
2021-06-21 20:05:45,210 INFO c.p.a.s.JobScheduler [scheduling-1] No jobs to run in the queue
2021-06-21 20:05:50,212 INFO c.p.a.s.JobScheduler [scheduling-1] No jobs to run in the queue
2021-06-21 20:05:55,210 INFO c.p.a.s.JobScheduler [scheduling-1] No jobs to run in the queue
2021-06-21 20:06:00,209 INFO c.p.a.s.JobScheduler [scheduling-1] No jobs to run in the queue
2021-06-21 20:06:05,211 INFO c.p.a.s.JobScheduler [scheduling-1] No jobs to run in the queue
2021-06-21 20:06:10,218 INFO c.p.a.s.JobScheduler [scheduling-1] No jobs to run in the queue
2021-06-21 20:06:15,219 INFO c.p.a.s.JobScheduler [scheduling-1] No jobs to run in the queue
2021-06-21 20:06:20,217 INFO c.p.a.s.JobScheduler [scheduling-1] No jobs to run in the queue
2021-06-21 20:06:25,220 INFO c.p.a.s.JobScheduler [scheduling-1] No jobs to run in the queue
2021-06-21 20:06:30,218 INFO c.p.a.s.JobScheduler [scheduling-1] No jobs to run in the queue
2021-06-21 20:06:35,220 INFO c.p.a.s.JobScheduler [scheduling-1] No jobs to run in the queue
2021-06-21 20:06:40,221 INFO c.p.a.s.JobScheduler [scheduling-1] No jobs to run in the queue
2021-06-21 20:06:45,223 INFO c.p.a.s.JobScheduler [scheduling-1] No jobs to run in the queue
2021-06-21 20:06:50,222 INFO c.p.a.s.JobScheduler [scheduling-1] No jobs to run in the queue
2021-06-21 20:06:55,219 INFO c.p.a.s.JobScheduler [scheduling-1] No jobs to run in the queue
2021-06-21 20:07:00,220 INFO c.p.a.s.JobScheduler [scheduling-1] No jobs to run in the queue
2021-06-21 20:07:05,220 INFO c.p.a.s.JobScheduler [scheduling-1] No jobs to run in the queue
2021-06-21 20:07:10,222 INFO c.p.a.s.JobScheduler [scheduling-1] No jobs to run in the queue
2021-06-21 20:07:15,219 INFO c.p.a.s.JobScheduler [scheduling-1] No jobs to run in the queue
2021-06-21 20:07:20,222 INFO c.p.a.s.JobScheduler [scheduling-1] No jobs to run in the queue
2021-06-21 20:07:25,222 INFO c.p.a.s.JobScheduler [scheduling-1] No jobs to run in the queue
2021-06-21 20:07:30,219 INFO c.p.a.s.JobScheduler [scheduling-1] No jobs to run in the queue
2021-06-21 20:07:35,224 INFO c.p.a.s.JobScheduler [scheduling-1] No jobs to run in the queue
2021-06-21 20:07:40,222 INFO c.p.a.s.JobScheduler [scheduling-1] No jobs to run in the queue
2021-06-21 20:07:45,222 INFO c.p.a.s.JobScheduler [scheduling-1] No jobs to run in the queue
2021-06-21 20:07:50,219 INFO c.p.a.s.JobScheduler [scheduling-1] No jobs to run in the queue
2021-06-21 20:07:55,219 INFO c.p.a.s.JobScheduler [scheduling-1] No jobs to run in the queue
2021-06-21 20:08:00,222 INFO c.p.a.s.JobScheduler [scheduling-1] No jobs to run in the queue
2021-06-21 20:08:05,219 INFO c.p.a.s.JobScheduler [scheduling-1] No jobs to run in the queue
2021-06-21 20:08:10,221 INFO c.p.a.s.JobScheduler [scheduling-1] No jobs to run in the queue
2021-06-21 20:08:15,224 INFO c.p.a.s.JobScheduler [scheduling-1] No jobs to run in the queue
2021-06-21 20:08:20,222 INFO c.p.a.s.JobScheduler [scheduling-1] No jobs to run in the queue
2021-06-21 20:08:25,219 INFO c.p.a.s.JobScheduler [scheduling-1] No jobs to run in the queue
2021-06-21 20:08:30,223 INFO c.p.a.s.JobScheduler [scheduling-1] No jobs to run in the queue
2021-06-21 20:08:35,219 INFO c.p.a.s.JobScheduler [scheduling-1] No jobs to run in the queue
2021-06-21 20:08:40,222 INFO c.p.a.s.JobScheduler [scheduling-1] No jobs to run in the queue
2021-06-21 20:08:45,223 INFO c.p.a.s.JobScheduler [scheduling-1] No jobs to run in the queue
2021-06-21 20:08:50,220 INFO c.p.a.s.JobScheduler [scheduling-1] No jobs to run in the queue
2021-06-21 20:08:55,223 INFO c.p.a.s.JobScheduler [scheduling-1] No jobs to run in the queue
2021-06-21 20:09:00,219 INFO c.p.a.s.JobScheduler [scheduling-1] No jobs to run in the queue
2021-06-21 20:09:05,222 INFO c.p.a.s.JobScheduler [scheduling-1] No jobs to run in the queue
2021-06-21 20:09:10,222 INFO c.p.a.s.JobScheduler [scheduling-1] No jobs to run in the queue
2021-06-21 20:09:15,224 INFO c.p.a.s.JobScheduler [scheduling-1] No jobs to run in the queue
